[PREINITIALIZATION][CLIENT][INFO] Thank you to the Patreon supporters below and others who make CraftTweaker possible!
NerdyWhiteGuy
Br脙赂nsted
Hooley
Belathus
AdaraChristine
Quaternary
Jordan Pineo
Phillip Swearingain
Jessie Sims
Spencer Gilbert
Ncc1702
DreamThorn
Ivy_
Genryu
NickT
Pongo Sapiens
Jonathan McManus
Peregrinus11
KoTe怒Ka
Zuniroa
If you want to support the mod, checkout https://patreon.com/jaredlll08?s=crtmod

[PREINITIALIZATION][CLIENT][INFO] Current loaders after merging: [[preinit]]
[PREINITIALIZATION][CLIENT][INFO] Loading scripts for loader with names [preinit]
[PREINITIALIZATION][CLIENT][INFO] [preinit | SIDE_CLIENT]: Skipping file {[3:gregtech]: Misc\AdditionalMaterialList_0856040224.zs} as we are currently loading with a different loader
[PREINITIALIZATION][CLIENT][INFO] [preinit | SIDE_CLIENT]: Skipping file {[1:crafttweaker]: DevTech\32100_SliceAndSplice_1124040124.zs} as we are currently loading with a different loader
[PREINITIALIZATION][CLIENT][INFO] [preinit | SIDE_CLIENT]: Skipping file {[1:crafttweaker]: DevTech\32110_AtomicReconstructor_1124040124.zs} as we are currently loading with a different loader
[PREINITIALIZATION][CLIENT][INFO] [preinit | SIDE_CLIENT]: Skipping file {[1:crafttweaker]: DevTech\32120_Charger_1124040124.zs} as we are currently loading with a different loader
[PREINITIALIZATION][CLIENT][INFO] [preinit | SIDE_CLIENT]: Skipping file {[1:crafttweaker]: DevTech\32130_HighPressureVortexGenerator_1124040124.zs} as we are currently loading with a different loader
[PREINITIALIZATION][CLIENT][INFO] [preinit | SIDE_CLIENT]: Skipping file {[1:crafttweaker]: DevTech\32140_SoulBinder_1113040124.zs} as we are currently loading with a different loader
[PREINITIALIZATION][CLIENT][INFO] [preinit | SIDE_CLIENT]: Skipping file {[1:crafttweaker]: MultiBlockTweaker\32001_GlassGardenJar_0803040224.zs} as we are currently loading with a different loader
[PREINITIALIZATION][CLIENT][INFO] [preinit | SIDE_CLIENT]: Skipping file {[1:crafttweaker]: MultiBlockTweaker\32002_FissionReactor_0823040224.zs} as we are currently loading with a different loader
[PREINITIALIZATION][CLIENT][INFO] [preinit | SIDE_CLIENT]: Skipping file {[0:crafttweaker]: Misc\CraftingScript_Static.zs} as we are currently loading with a different loader
[PREINITIALIZATION][CLIENT][INFO] [preinit | SIDE_CLIENT]: Skipping file {[0:crafttweaker]: Misc\Tooltips_1123040124.zs} as we are currently loading with a different loader
[PREINITIALIZATION][CLIENT][INFO] [preinit | SIDE_CLIENT]: Skipping file {[0:crafttweaker]: NormalMod\ActuallyAdditions_0837040224.zs} as we are currently loading with a different loader
[PREINITIALIZATION][CLIENT][INFO] [preinit | SIDE_CLIENT]: Skipping file {[0:crafttweaker]: NormalMod\AppliedEnergistics2_1102040124.zs} as we are currently loading with a different loader
[PREINITIALIZATION][CLIENT][INFO] [preinit | SIDE_CLIENT]: Skipping file {[0:crafttweaker]: NormalMod\EnderIO_1437040224.zs} as we are currently loading with a different loader
[PREINITIALIZATION][CLIENT][INFO] [preinit | SIDE_CLIENT]: Skipping file {[0:crafttweaker]: NormalMod\EnderStorage_1509040224.zs} as we are currently loading with a different loader
[PREINITIALIZATION][CLIENT][INFO] [preinit | SIDE_CLIENT]: Skipping file {[0:crafttweaker]: NormalMod\GregTech_1437040224.zs} as we are currently loading with a different loader
[PREINITIALIZATION][CLIENT][INFO] [preinit | SIDE_CLIENT]: Skipping file {[0:crafttweaker]: NormalMod\HadEnoughItems_0838040224.zs} as we are currently loading with a different loader
[PREINITIALIZATION][CLIENT][INFO] [preinit | SIDE_CLIENT]: Skipping file {[0:crafttweaker]: NormalMod\PackagedAuto_1452040224.zs} as we are currently loading with a different loader
[PREINITIALIZATION][CLIENT][INFO] [preinit | SIDE_CLIENT]: Skipping file {[0:crafttweaker]: NormalMod\TheOneProbe_0839040224.zs} as we are currently loading with a different loader
[PREINITIALIZATION][CLIENT][INFO] [preinit | SIDE_CLIENT]: Skipping file {[0:crafttweaker]: NormalMod\Tweaker_1437040224.zs} as we are currently loading with a different loader
[PREINITIALIZATION][CLIENT][INFO] Completed script loading in: 13ms
[PREINITIALIZATION][CLIENT][INFO] Current loaders after merging: [[preinit], [contenttweaker]]
[PREINITIALIZATION][CLIENT][INFO] Loading scripts for loader with names [contenttweaker]
[PREINITIALIZATION][CLIENT][INFO] [contenttweaker | SIDE_CLIENT]: Skipping file {[3:gregtech]: Misc\AdditionalMaterialList_0856040224.zs} as we are currently loading with a different loader
[PREINITIALIZATION][CLIENT][INFO] [contenttweaker | SIDE_CLIENT]: Skipping file {[1:crafttweaker]: DevTech\32100_SliceAndSplice_1124040124.zs} as we are currently loading with a different loader
[PREINITIALIZATION][CLIENT][INFO] [contenttweaker | SIDE_CLIENT]: Skipping file {[1:crafttweaker]: DevTech\32110_AtomicReconstructor_1124040124.zs} as we are currently loading with a different loader
[PREINITIALIZATION][CLIENT][INFO] [contenttweaker | SIDE_CLIENT]: Skipping file {[1:crafttweaker]: DevTech\32120_Charger_1124040124.zs} as we are currently loading with a different loader
[PREINITIALIZATION][CLIENT][INFO] [contenttweaker | SIDE_CLIENT]: Skipping file {[1:crafttweaker]: DevTech\32130_HighPressureVortexGenerator_1124040124.zs} as we are currently loading with a different loader
[PREINITIALIZATION][CLIENT][INFO] [contenttweaker | SIDE_CLIENT]: Skipping file {[1:crafttweaker]: DevTech\32140_SoulBinder_1113040124.zs} as we are currently loading with a different loader
[PREINITIALIZATION][CLIENT][INFO] [contenttweaker | SIDE_CLIENT]: Skipping file {[1:crafttweaker]: MultiBlockTweaker\32001_GlassGardenJar_0803040224.zs} as we are currently loading with a different loader
[PREINITIALIZATION][CLIENT][INFO] [contenttweaker | SIDE_CLIENT]: Skipping file {[1:crafttweaker]: MultiBlockTweaker\32002_FissionReactor_0823040224.zs} as we are currently loading with a different loader
[PREINITIALIZATION][CLIENT][INFO] [contenttweaker | SIDE_CLIENT]: Skipping file {[0:crafttweaker]: Misc\CraftingScript_Static.zs} as we are currently loading with a different loader
[PREINITIALIZATION][CLIENT][INFO] [contenttweaker | SIDE_CLIENT]: Skipping file {[0:crafttweaker]: Misc\Tooltips_1123040124.zs} as we are currently loading with a different loader
[PREINITIALIZATION][CLIENT][INFO] [contenttweaker | SIDE_CLIENT]: Skipping file {[0:crafttweaker]: NormalMod\ActuallyAdditions_0837040224.zs} as we are currently loading with a different loader
[PREINITIALIZATION][CLIENT][INFO] [contenttweaker | SIDE_CLIENT]: Skipping file {[0:crafttweaker]: NormalMod\AppliedEnergistics2_1102040124.zs} as we are currently loading with a different loader
[PREINITIALIZATION][CLIENT][INFO] [contenttweaker | SIDE_CLIENT]: Skipping file {[0:crafttweaker]: NormalMod\EnderIO_1437040224.zs} as we are currently loading with a different loader
[PREINITIALIZATION][CLIENT][INFO] [contenttweaker | SIDE_CLIENT]: Skipping file {[0:crafttweaker]: NormalMod\EnderStorage_1509040224.zs} as we are currently loading with a different loader
[PREINITIALIZATION][CLIENT][INFO] [contenttweaker | SIDE_CLIENT]: Skipping file {[0:crafttweaker]: NormalMod\GregTech_1437040224.zs} as we are currently loading with a different loader
[PREINITIALIZATION][CLIENT][INFO] [contenttweaker | SIDE_CLIENT]: Skipping file {[0:crafttweaker]: NormalMod\HadEnoughItems_0838040224.zs} as we are currently loading with a different loader
[PREINITIALIZATION][CLIENT][INFO] [contenttweaker | SIDE_CLIENT]: Skipping file {[0:crafttweaker]: NormalMod\PackagedAuto_1452040224.zs} as we are currently loading with a different loader
[PREINITIALIZATION][CLIENT][INFO] [contenttweaker | SIDE_CLIENT]: Skipping file {[0:crafttweaker]: NormalMod\TheOneProbe_0839040224.zs} as we are currently loading with a different loader
[PREINITIALIZATION][CLIENT][INFO] [contenttweaker | SIDE_CLIENT]: Skipping file {[0:crafttweaker]: NormalMod\Tweaker_1437040224.zs} as we are currently loading with a different loader
[PREINITIALIZATION][CLIENT][INFO] Completed script loading in: 1ms
[PREINITIALIZATION][CLIENT][INFO] Current loaders after merging: [[preinit], [contenttweaker], [gregtech]]
[PREINITIALIZATION][CLIENT][INFO] Loading scripts for loader with names [gregtech]
[PREINITIALIZATION][CLIENT][INFO] [gregtech | SIDE_CLIENT]: Loading Script: {[3:gregtech]: Misc\AdditionalMaterialList_0856040224.zs}
[PREINITIALIZATION][CLIENT][ERROR] Misc\AdditionalMaterialList_0856040224.zs:14 > No such member in mods.gregtech.material.MaterialBuilder: addFlags
[PREINITIALIZATION][CLIENT][ERROR] Misc\AdditionalMaterialList_0856040224.zs:14 > any values not yet supported
[PREINITIALIZATION][CLIENT][ERROR] Misc\AdditionalMaterialList_0856040224.zs:14 > any values not yet supported
[PREINITIALIZATION][CLIENT][ERROR] Misc\AdditionalMaterialList_0856040224.zs:14 > any values not yet supported
[PREINITIALIZATION][CLIENT][ERROR] Misc\AdditionalMaterialList_0856040224.zs:24 > No such member in mods.gregtech.material.MaterialBuilder: addFlags
[PREINITIALIZATION][CLIENT][ERROR] Misc\AdditionalMaterialList_0856040224.zs:24 > any values not yet supported
[PREINITIALIZATION][CLIENT][ERROR] Misc\AdditionalMaterialList_0856040224.zs:24 > any values not yet supported
[PREINITIALIZATION][CLIENT][ERROR] Misc\AdditionalMaterialList_0856040224.zs:24 > any values not yet supported
[PREINITIALIZATION][CLIENT][ERROR] Misc\AdditionalMaterialList_0856040224.zs:34 > No such member in mods.gregtech.material.MaterialBuilder: addFlags
[PREINITIALIZATION][CLIENT][ERROR] Misc\AdditionalMaterialList_0856040224.zs:34 > any values not yet supported
[PREINITIALIZATION][CLIENT][ERROR] Misc\AdditionalMaterialList_0856040224.zs:34 > any values not yet supported
[PREINITIALIZATION][CLIENT][ERROR] Misc\AdditionalMaterialList_0856040224.zs:34 > any values not yet supported
[PREINITIALIZATION][CLIENT][ERROR] Misc\AdditionalMaterialList_0856040224.zs:44 > No such member in mods.gregtech.material.MaterialBuilder: addFlags
[PREINITIALIZATION][CLIENT][ERROR] Misc\AdditionalMaterialList_0856040224.zs:44 > any values not yet supported
[PREINITIALIZATION][CLIENT][ERROR] Misc\AdditionalMaterialList_0856040224.zs:44 > any values not yet supported
[PREINITIALIZATION][CLIENT][ERROR] Misc\AdditionalMaterialList_0856040224.zs:44 > any values not yet supported
[PREINITIALIZATION][CLIENT][ERROR] Misc\AdditionalMaterialList_0856040224.zs:54 > No such member in mods.gregtech.material.MaterialBuilder: addFlags
[PREINITIALIZATION][CLIENT][ERROR] Misc\AdditionalMaterialList_0856040224.zs:54 > any values not yet supported
[PREINITIALIZATION][CLIENT][ERROR] Misc\AdditionalMaterialList_0856040224.zs:54 > any values not yet supported
[PREINITIALIZATION][CLIENT][ERROR] Misc\AdditionalMaterialList_0856040224.zs:54 > any values not yet supported
[PREINITIALIZATION][CLIENT][ERROR] Misc\AdditionalMaterialList_0856040224.zs:64 > No such member in mods.gregtech.material.MaterialBuilder: addFlags
[PREINITIALIZATION][CLIENT][ERROR] Misc\AdditionalMaterialList_0856040224.zs:64 > any values not yet supported
[PREINITIALIZATION][CLIENT][ERROR] Misc\AdditionalMaterialList_0856040224.zs:64 > any values not yet supported
[PREINITIALIZATION][CLIENT][ERROR] Misc\AdditionalMaterialList_0856040224.zs:64 > any values not yet supported
[PREINITIALIZATION][CLIENT][ERROR] Misc\AdditionalMaterialList_0856040224.zs:122 > No such member in mods.gregtech.material.MaterialBuilder: addFlags
[PREINITIALIZATION][CLIENT][ERROR] Misc\AdditionalMaterialList_0856040224.zs:122 > any values not yet supported
[PREINITIALIZATION][CLIENT][ERROR] Misc\AdditionalMaterialList_0856040224.zs:122 > any values not yet supported
[PREINITIALIZATION][CLIENT][ERROR] Misc\AdditionalMaterialList_0856040224.zs:122 > any values not yet supported
[PREINITIALIZATION][CLIENT][ERROR] Misc\AdditionalMaterialList_0856040224.zs:132 > No such member in mods.gregtech.material.MaterialBuilder: addFlags
[PREINITIALIZATION][CLIENT][ERROR] Misc\AdditionalMaterialList_0856040224.zs:132 > any values not yet supported
[PREINITIALIZATION][CLIENT][ERROR] Misc\AdditionalMaterialList_0856040224.zs:132 > any values not yet supported
[PREINITIALIZATION][CLIENT][ERROR] Misc\AdditionalMaterialList_0856040224.zs:132 > any values not yet supported
[PREINITIALIZATION][CLIENT][ERROR] Misc\AdditionalMaterialList_0856040224.zs:142 > No such member in mods.gregtech.material.MaterialBuilder: addFlags
[PREINITIALIZATION][CLIENT][ERROR] Misc\AdditionalMaterialList_0856040224.zs:142 > any values not yet supported
[PREINITIALIZATION][CLIENT][ERROR] Misc\AdditionalMaterialList_0856040224.zs:142 > any values not yet supported
[PREINITIALIZATION][CLIENT][ERROR] Misc\AdditionalMaterialList_0856040224.zs:142 > any values not yet supported
[PREINITIALIZATION][CLIENT][ERROR] Misc\AdditionalMaterialList_0856040224.zs:152 > No such member in mods.gregtech.material.MaterialBuilder: addFlags
[PREINITIALIZATION][CLIENT][ERROR] Misc\AdditionalMaterialList_0856040224.zs:152 > any values not yet supported
[PREINITIALIZATION][CLIENT][ERROR] Misc\AdditionalMaterialList_0856040224.zs:152 > any values not yet supported
[PREINITIALIZATION][CLIENT][ERROR] Misc\AdditionalMaterialList_0856040224.zs:152 > any values not yet supported
[PREINITIALIZATION][CLIENT][ERROR] Misc\AdditionalMaterialList_0856040224.zs:162 > No such member in mods.gregtech.material.MaterialBuilder: addFlags
[PREINITIALIZATION][CLIENT][ERROR] Misc\AdditionalMaterialList_0856040224.zs:162 > any values not yet supported
[PREINITIALIZATION][CLIENT][ERROR] Misc\AdditionalMaterialList_0856040224.zs:162 > any values not yet supported
[PREINITIALIZATION][CLIENT][ERROR] Misc\AdditionalMaterialList_0856040224.zs:162 > any values not yet supported
[PREINITIALIZATION][CLIENT][ERROR] Misc\AdditionalMaterialList_0856040224.zs:172 > No such member in mods.gregtech.material.MaterialBuilder: addFlags
[PREINITIALIZATION][CLIENT][ERROR] Misc\AdditionalMaterialList_0856040224.zs:172 > any values not yet supported
[PREINITIALIZATION][CLIENT][ERROR] Misc\AdditionalMaterialList_0856040224.zs:172 > any values not yet supported
[PREINITIALIZATION][CLIENT][ERROR] Misc\AdditionalMaterialList_0856040224.zs:172 > any values not yet supported
[PREINITIALIZATION][CLIENT][ERROR] [gregtech]: Error executing {[3:gregtech]: Misc\AdditionalMaterialList_0856040224.zs}: null
java.lang.NullPointerException
	at Misc\AdditionalMaterialList_0856040224.__script__(Misc\AdditionalMaterialList_0856040224.zs:14)
	at __ZenMain__.run(Misc\AdditionalMaterialList_0856040224)
	at crafttweaker.runtime.CrTTweaker.loadScript(CrTTweaker.java:240)
	at crafttweaker.runtime.CrTTweaker.loadScript(CrTTweaker.java:96)
	at crafttweaker.runtime.CrTTweaker.loadScript(CrTTweaker.java:100)
	at crafttweaker.runtime.CrTTweaker.loadScript(CrTTweaker.java:78)
	at gregtech.integration.crafttweaker.CraftTweakerModule.onMaterialEvent(CraftTweakerModule.java:61)
	at net.minecraftforge.fml.common.eventhandler.ASMEventHandler_96_CraftTweakerModule_onMaterialEvent_MaterialEvent.invoke(.dynamic)
	at net.minecraftforge.fml.common.eventhandler.ASMEventHandler.invoke(ASMEventHandler.java:90)
	at net.minecraftforge.fml.common.eventhandler.EventBus.post(EventBus.java:182)
	at gregtech.core.CoreModule.preInit(CoreModule.java:143)
	at gregtech.modules.ModuleManager.onPreInit(ModuleManager.java:115)
	at gregtech.GregTechMod.preInit(GregTechMod.java:59)
	at sun.reflect.NativeMethodAccessorImpl.invoke0(Native Method)
	at sun.reflect.NativeMethodAccessorImpl.invoke(NativeMethodAccessorImpl.java:62)
	at sun.reflect.DelegatingMethodAccessorImpl.invoke(DelegatingMethodAccessorImpl.java:43)
	at java.lang.reflect.Method.invoke(Method.java:498)
	at net.minecraftforge.fml.common.FMLModContainer.handleModStateEvent(FMLModContainer.java:637)
	at sun.reflect.GeneratedMethodAccessor2.invoke(Unknown Source)
	at sun.reflect.DelegatingMethodAccessorImpl.invoke(DelegatingMethodAccessorImpl.java:43)
	at java.lang.reflect.Method.invoke(Method.java:498)
	at com.google.common.eventbus.Subscriber.invokeSubscriberMethod(Subscriber.java:91)
	at com.google.common.eventbus.Subscriber$SynchronizedSubscriber.invokeSubscriberMethod(Subscriber.java:150)
	at com.google.common.eventbus.Subscriber$1.run(Subscriber.java:76)
	at com.google.common.util.concurrent.MoreExecutors$DirectExecutor.execute(MoreExecutors.java:399)
	at com.google.common.eventbus.Subscriber.dispatchEvent(Subscriber.java:71)
	at com.google.common.eventbus.Dispatcher$PerThreadQueuedDispatcher.dispatch(Dispatcher.java:116)
	at com.google.common.eventbus.EventBus.post(EventBus.java:217)
	at net.minecraftforge.fml.common.LoadController.sendEventToModContainer(LoadController.java:219)
	at net.minecraftforge.fml.common.LoadController.propogateStateMessage(LoadController.java:197)
	at sun.reflect.NativeMethodAccessorImpl.invoke0(Native Method)
	at sun.reflect.NativeMethodAccessorImpl.invoke(NativeMethodAccessorImpl.java:62)
	at sun.reflect.DelegatingMethodAccessorImpl.invoke(DelegatingMethodAccessorImpl.java:43)
	at java.lang.reflect.Method.invoke(Method.java:498)
	at com.google.common.eventbus.Subscriber.invokeSubscriberMethod(Subscriber.java:91)
	at com.google.common.eventbus.Subscriber$SynchronizedSubscriber.invokeSubscriberMethod(Subscriber.java:150)
	at com.google.common.eventbus.Subscriber$1.run(Subscriber.java:76)
	at com.google.common.util.concurrent.MoreExecutors$DirectExecutor.execute(MoreExecutors.java:399)
	at com.google.common.eventbus.Subscriber.dispatchEvent(Subscriber.java:71)
	at com.google.common.eventbus.Dispatcher$PerThreadQueuedDispatcher.dispatch(Dispatcher.java:116)
	at com.google.common.eventbus.EventBus.post(EventBus.java:217)
	at net.minecraftforge.fml.common.LoadController.distributeStateMessage(LoadController.java:136)
	at net.minecraftforge.fml.common.Loader.preinitializeMods(Loader.java:629)
	at net.minecraftforge.fml.client.FMLClientHandler.beginMinecraftLoading(FMLClientHandler.java:252)
	at net.minecraft.client.Minecraft.func_71384_a(Minecraft.java:467)
	at net.minecraft.client.Minecraft.func_99999_d(Minecraft.java:378)
	at net.minecraft.client.main.Main.main(SourceFile:123)
	at sun.reflect.NativeMethodAccessorImpl.invoke0(Native Method)
	at sun.reflect.NativeMethodAccessorImpl.invoke(NativeMethodAccessorImpl.java:62)
	at sun.reflect.DelegatingMethodAccessorImpl.invoke(DelegatingMethodAccessorImpl.java:43)
	at java.lang.reflect.Method.invoke(Method.java:498)
	at net.minecraft.launchwrapper.Launch.launch(Launch.java:135)
	at net.minecraft.launchwrapper.Launch.main(Launch.java:28)
[PREINITIALIZATION][CLIENT][INFO] [gregtech | SIDE_CLIENT]: Skipping file {[1:crafttweaker]: DevTech\32100_SliceAndSplice_1124040124.zs} as we are currently loading with a different loader
[PREINITIALIZATION][CLIENT][INFO] [gregtech | SIDE_CLIENT]: Skipping file {[1:crafttweaker]: DevTech\32110_AtomicReconstructor_1124040124.zs} as we are currently loading with a different loader
[PREINITIALIZATION][CLIENT][INFO] [gregtech | SIDE_CLIENT]: Skipping file {[1:crafttweaker]: DevTech\32120_Charger_1124040124.zs} as we are currently loading with a different loader
[PREINITIALIZATION][CLIENT][INFO] [gregtech | SIDE_CLIENT]: Skipping file {[1:crafttweaker]: DevTech\32130_HighPressureVortexGenerator_1124040124.zs} as we are currently loading with a different loader
[PREINITIALIZATION][CLIENT][INFO] [gregtech | SIDE_CLIENT]: Skipping file {[1:crafttweaker]: DevTech\32140_SoulBinder_1113040124.zs} as we are currently loading with a different loader
[PREINITIALIZATION][CLIENT][INFO] [gregtech | SIDE_CLIENT]: Skipping file {[1:crafttweaker]: MultiBlockTweaker\32001_GlassGardenJar_0803040224.zs} as we are currently loading with a different loader
[PREINITIALIZATION][CLIENT][INFO] [gregtech | SIDE_CLIENT]: Skipping file {[1:crafttweaker]: MultiBlockTweaker\32002_FissionReactor_0823040224.zs} as we are currently loading with a different loader
[PREINITIALIZATION][CLIENT][INFO] [gregtech | SIDE_CLIENT]: Skipping file {[0:crafttweaker]: Misc\CraftingScript_Static.zs} as we are currently loading with a different loader
[PREINITIALIZATION][CLIENT][INFO] [gregtech | SIDE_CLIENT]: Skipping file {[0:crafttweaker]: Misc\Tooltips_1123040124.zs} as we are currently loading with a different loader
[PREINITIALIZATION][CLIENT][INFO] [gregtech | SIDE_CLIENT]: Skipping file {[0:crafttweaker]: NormalMod\ActuallyAdditions_0837040224.zs} as we are currently loading with a different loader
[PREINITIALIZATION][CLIENT][INFO] [gregtech | SIDE_CLIENT]: Skipping file {[0:crafttweaker]: NormalMod\AppliedEnergistics2_1102040124.zs} as we are currently loading with a different loader
[PREINITIALIZATION][CLIENT][INFO] [gregtech | SIDE_CLIENT]: Skipping file {[0:crafttweaker]: NormalMod\EnderIO_1437040224.zs} as we are currently loading with a different loader
[PREINITIALIZATION][CLIENT][INFO] [gregtech | SIDE_CLIENT]: Skipping file {[0:crafttweaker]: NormalMod\EnderStorage_1509040224.zs} as we are currently loading with a different loader
[PREINITIALIZATION][CLIENT][INFO] [gregtech | SIDE_CLIENT]: Skipping file {[0:crafttweaker]: NormalMod\GregTech_1437040224.zs} as we are currently loading with a different loader
[PREINITIALIZATION][CLIENT][INFO] [gregtech | SIDE_CLIENT]: Skipping file {[0:crafttweaker]: NormalMod\HadEnoughItems_0838040224.zs} as we are currently loading with a different loader
[PREINITIALIZATION][CLIENT][INFO] [gregtech | SIDE_CLIENT]: Skipping file {[0:crafttweaker]: NormalMod\PackagedAuto_1452040224.zs} as we are currently loading with a different loader
[PREINITIALIZATION][CLIENT][INFO] [gregtech | SIDE_CLIENT]: Skipping file {[0:crafttweaker]: NormalMod\TheOneProbe_0839040224.zs} as we are currently loading with a different loader
[PREINITIALIZATION][CLIENT][INFO] [gregtech | SIDE_CLIENT]: Skipping file {[0:crafttweaker]: NormalMod\Tweaker_1437040224.zs} as we are currently loading with a different loader
[PREINITIALIZATION][CLIENT][INFO] Completed script loading in: 580ms
[INITIALIZATION][CLIENT][INFO] CraftTweaker: Building registry
[INITIALIZATION][CLIENT][INFO] CraftTweaker: Successfully built item registry
[INITIALIZATION][CLIENT][INFO] Current loaders after merging: [[preinit], [contenttweaker], [gregtech], [recipeevent | crafttweaker]]
[INITIALIZATION][CLIENT][INFO] Loading scripts for loader with names [crafttweaker | recipeevent]
[INITIALIZATION][CLIENT][INFO] [crafttweaker | SIDE_CLIENT]: Skipping file {[3:gregtech]: Misc\AdditionalMaterialList_0856040224.zs} as we are currently loading with a different loader
[INITIALIZATION][CLIENT][INFO] [crafttweaker | SIDE_CLIENT]: Loading Script: {[1:crafttweaker]: DevTech\32100_SliceAndSplice_1124040124.zs}
[INITIALIZATION][CLIENT][INFO] [crafttweaker | SIDE_CLIENT]: Loading Script: {[1:crafttweaker]: DevTech\32110_AtomicReconstructor_1124040124.zs}
[INITIALIZATION][CLIENT][INFO] [crafttweaker | SIDE_CLIENT]: Loading Script: {[1:crafttweaker]: DevTech\32120_Charger_1124040124.zs}
[INITIALIZATION][CLIENT][INFO] [crafttweaker | SIDE_CLIENT]: Loading Script: {[1:crafttweaker]: DevTech\32130_HighPressureVortexGenerator_1124040124.zs}
[INITIALIZATION][CLIENT][INFO] Liquid <liquid:supercritical_steam> has not been found, trying to use a ghost representative. This message will only be printed once, all subsequent missing fluids will be handled the same way.
[INITIALIZATION][CLIENT][ERROR] Trying to access Ghost liquid before its ready: <liquid:supercritical_steam>
[INITIALIZATION][CLIENT][INFO] [crafttweaker | SIDE_CLIENT]: Loading Script: {[1:crafttweaker]: DevTech\32140_SoulBinder_1113040124.zs}
[INITIALIZATION][CLIENT][INFO] [crafttweaker | SIDE_CLIENT]: Loading Script: {[1:crafttweaker]: MultiBlockTweaker\32001_GlassGardenJar_0803040224.zs}
[INITIALIZATION][CLIENT][ERROR] MultiBlockTweaker\32001_GlassGardenJar_0803040224.zs:15 > could not find package null
[INITIALIZATION][CLIENT][ERROR] MultiBlockTweaker\32001_GlassGardenJar_0803040224.zs:62 > could not find A
[INITIALIZATION][CLIENT][ERROR] MultiBlockTweaker\32001_GlassGardenJar_0803040224.zs:62 > not a valid lvalue
[INITIALIZATION][CLIENT][ERROR] MultiBlockTweaker\32001_GlassGardenJar_0803040224.zs:64 > No such static member in crafttweaker.item.IIngredient: N
[INITIALIZATION][CLIENT][ERROR] MultiBlockTweaker\32001_GlassGardenJar_0803040224.zs:64 > No such static member in crafttweaker.item.IIngredient: N
[INITIALIZATION][CLIENT][ERROR] MultiBlockTweaker\32001_GlassGardenJar_0803040224.zs:64 > No such static member in crafttweaker.item.IIngredient: N
[INITIALIZATION][CLIENT][ERROR] MultiBlockTweaker\32001_GlassGardenJar_0803040224.zs:65 > No such static member in crafttweaker.item.IIngredient: N
[INITIALIZATION][CLIENT][ERROR] MultiBlockTweaker\32001_GlassGardenJar_0803040224.zs:65 > No such static member in crafttweaker.item.IIngredient: A
[INITIALIZATION][CLIENT][ERROR] MultiBlockTweaker\32001_GlassGardenJar_0803040224.zs:65 > No such static member in crafttweaker.item.IIngredient: N
[INITIALIZATION][CLIENT][ERROR] MultiBlockTweaker\32001_GlassGardenJar_0803040224.zs:66 > No such static member in crafttweaker.item.IIngredient: N
[INITIALIZATION][CLIENT][ERROR] MultiBlockTweaker\32001_GlassGardenJar_0803040224.zs:66 > No such static member in crafttweaker.item.IIngredient: N
[INITIALIZATION][CLIENT][ERROR] MultiBlockTweaker\32001_GlassGardenJar_0803040224.zs:66 > No such static member in crafttweaker.item.IIngredient: N
[INITIALIZATION][CLIENT][INFO] Registered multiblock: multiblocktweaker:glass_garden_jar, with meta 32001
[INITIALIZATION][CLIENT][INFO] [crafttweaker | SIDE_CLIENT]: Loading Script: {[1:crafttweaker]: MultiBlockTweaker\32002_FissionReactor_0823040224.zs}
[INITIALIZATION][CLIENT][ERROR] MultiBlockTweaker\32002_FissionReactor_0823040224.zs:15 > could not find package null
[INITIALIZATION][CLIENT][ERROR] MultiBlockTweaker\32002_FissionReactor_0823040224.zs:45 > could not find A
[INITIALIZATION][CLIENT][ERROR] MultiBlockTweaker\32002_FissionReactor_0823040224.zs:45 > not a valid lvalue
[INITIALIZATION][CLIENT][ERROR] MultiBlockTweaker\32002_FissionReactor_0823040224.zs:47 > No such static member in crafttweaker.item.IIngredient: N
[INITIALIZATION][CLIENT][ERROR] MultiBlockTweaker\32002_FissionReactor_0823040224.zs:47 > No such static member in crafttweaker.item.IIngredient: N
[INITIALIZATION][CLIENT][ERROR] MultiBlockTweaker\32002_FissionReactor_0823040224.zs:47 > No such static member in crafttweaker.item.IIngredient: N
[INITIALIZATION][CLIENT][ERROR] MultiBlockTweaker\32002_FissionReactor_0823040224.zs:48 > No such static member in crafttweaker.item.IIngredient: N
[INITIALIZATION][CLIENT][ERROR] MultiBlockTweaker\32002_FissionReactor_0823040224.zs:48 > No such static member in crafttweaker.item.IIngredient: A
[INITIALIZATION][CLIENT][ERROR] MultiBlockTweaker\32002_FissionReactor_0823040224.zs:48 > No such static member in crafttweaker.item.IIngredient: N
[INITIALIZATION][CLIENT][ERROR] MultiBlockTweaker\32002_FissionReactor_0823040224.zs:49 > No such static member in crafttweaker.item.IIngredient: N
[INITIALIZATION][CLIENT][ERROR] MultiBlockTweaker\32002_FissionReactor_0823040224.zs:49 > No such static member in crafttweaker.item.IIngredient: N
[INITIALIZATION][CLIENT][ERROR] MultiBlockTweaker\32002_FissionReactor_0823040224.zs:49 > No such static member in crafttweaker.item.IIngredient: N
[INITIALIZATION][CLIENT][INFO] Registered multiblock: multiblocktweaker:fission_reactor, with meta 32002
[INITIALIZATION][CLIENT][ERROR] Trying to access Ghost liquid before its ready: <liquid:supercritical_steam>
[INITIALIZATION][CLIENT][ERROR] Trying to access Ghost liquid before its ready: <liquid:thorium_fuel_depleted>
[INITIALIZATION][CLIENT][ERROR] Trying to access Ghost liquid before its ready: <liquid:supercritical_steam>
[INITIALIZATION][CLIENT][ERROR] Trying to access Ghost liquid before its ready: <liquid:thorium_fuel_depleted>
[INITIALIZATION][CLIENT][ERROR] Trying to access Ghost liquid before its ready: <liquid:uranium_fuel>
[INITIALIZATION][CLIENT][ERROR] Trying to access Ghost liquid before its ready: <liquid:supercritical_steam>
[INITIALIZATION][CLIENT][ERROR] Trying to access Ghost liquid before its ready: <liquid:uranium_fuel_depleted>
[INITIALIZATION][CLIENT][ERROR] Trying to access Ghost liquid before its ready: <liquid:uranium_fuel>
[INITIALIZATION][CLIENT][ERROR] Trying to access Ghost liquid before its ready: <liquid:supercritical_steam>
[INITIALIZATION][CLIENT][ERROR] Trying to access Ghost liquid before its ready: <liquid:uranium_fuel_depleted>
[INITIALIZATION][CLIENT][ERROR] Trying to access Ghost liquid before its ready: <liquid:mox_fuel>
[INITIALIZATION][CLIENT][ERROR] Trying to access Ghost liquid before its ready: <liquid:supercritical_steam>
[INITIALIZATION][CLIENT][ERROR] Trying to access Ghost liquid before its ready: <liquid:mox_fuel_depleted>
[INITIALIZATION][CLIENT][ERROR] Recipe duplicate or conflict found in RecipeMap fission_reactor and was not added. See next lines for details.
[INITIALIZATION][CLIENT][ERROR] Attempted to add Recipe: fission_reactor.recipeBuilder().inputs(.fluidInputs([<liquid:water> * 512000, <liquid:water> * 288]).fluidOutputs([<liquid:water> * 512000<liquid:water> * 2])....
[INITIALIZATION][CLIENT][ERROR] Which conflicts with: fission_reactor.recipeBuilder().inputs(.fluidInputs([<liquid:water> * 128000, <liquid:water> * 288]).fluidOutputs([<liquid:water> * 128000<liquid:water> * 2])....
[INITIALIZATION][CLIENT][ERROR] Trying to access Ghost liquid before its ready: <liquid:mox_fuel>
[INITIALIZATION][CLIENT][ERROR] Trying to access Ghost liquid before its ready: <liquid:supercritical_steam>
[INITIALIZATION][CLIENT][ERROR] Trying to access Ghost liquid before its ready: <liquid:mox_fuel_depleted>
[INITIALIZATION][CLIENT][ERROR] Recipe duplicate or conflict found in RecipeMap fission_reactor and was not added. See next lines for details.
[INITIALIZATION][CLIENT][ERROR] Attempted to add Recipe: fission_reactor.recipeBuilder().inputs([<metaitem:neutron_reflector> * 4]).fluidInputs([<liquid:water> * 512000, <liquid:water> * 288]).fluidOutputs([<liquid:water> * 512000<liquid:water> * 2])....
[INITIALIZATION][CLIENT][ERROR] Which conflicts with: fission_reactor.recipeBuilder().inputs([<metaitem:neutron_reflector> * 4]).fluidInputs([<liquid:water> * 128000, <liquid:water> * 288]).fluidOutputs([<liquid:water> * 128000<liquid:water> * 2])....
[INITIALIZATION][CLIENT][ERROR] Trying to access Ghost liquid before its ready: <liquid:thorium_fuel_depleted>
[INITIALIZATION][CLIENT][ERROR] Trying to access Ghost liquid before its ready: <liquid:uranium_fuel_depleted>
[INITIALIZATION][CLIENT][ERROR] Recipe duplicate or conflict found in RecipeMap centrifuge and was not added. See next lines for details.
[INITIALIZATION][CLIENT][ERROR] Attempted to add Recipe: centrifuge.recipeBuilder().inputs(.fluidInputs([<liquid:water> * 144]).outputs([<metaitem:dustTinyUranium><metaitem:dustTinyPlutonium><metaitem:dustTinyBariu]).fluidOutputs([<liquid:krypton> * 1])....
[INITIALIZATION][CLIENT][ERROR] Which conflicts with: centrifuge.recipeBuilder().inputs(.fluidInputs([<liquid:water> * 144]).outputs([<metaitem:dustTinyUranium><metaitem:dustTinyUranium235><metaitem:dustTinyCaesiu])....
[INITIALIZATION][CLIENT][ERROR] Trying to access Ghost liquid before its ready: <liquid:mox_fuel_depleted>
[INITIALIZATION][CLIENT][ERROR] Recipe duplicate or conflict found in RecipeMap centrifuge and was not added. See next lines for details.
[INITIALIZATION][CLIENT][ERROR] Attempted to add Recipe: centrifuge.recipeBuilder().inputs(.fluidInputs([<liquid:water> * 144]).outputs([<metaitem:dustTinyPlutonium241><metaitem:dustTinyCaesium><metaitem:dustTinyPalladium><metaitem:dustTinyCadmiu])....
[INITIALIZATION][CLIENT][ERROR] Which conflicts with: centrifuge.recipeBuilder().inputs(.fluidInputs([<liquid:water> * 144]).outputs([<metaitem:dustTinyUranium><metaitem:dustTinyUranium235><metaitem:dustTinyCaesiu])....
[INITIALIZATION][CLIENT][INFO] [crafttweaker | SIDE_CLIENT]: Loading Script: {[0:crafttweaker]: Misc\CraftingScript_Static.zs}
[INITIALIZATION][CLIENT][INFO] [crafttweaker | SIDE_CLIENT]: Loading Script: {[0:crafttweaker]: Misc\Tooltips_1123040124.zs}
[INITIALIZATION][CLIENT][INFO] Adding tooltip for <enderio:block_solar_panel>: " 2EU/t "
[INITIALIZATION][CLIENT][INFO] Adding tooltip for <enderio:block_solar_panel:1>: " 8EU/t "
[INITIALIZATION][CLIENT][INFO] Adding tooltip for <enderio:block_solar_panel:2>: " 32EU/t "
[INITIALIZATION][CLIENT][INFO] Adding tooltip for <enderio:block_solar_panel:3>: " 128EU/t "
[INITIALIZATION][CLIENT][INFO] Adding tooltip for <enderio:block_solar_panel:4>: " 512EU/t "
[INITIALIZATION][CLIENT][INFO] Adding tooltip for <enderio:block_solar_panel:5>: " 2048EU/t "
[INITIALIZATION][CLIENT][INFO] Adding tooltip for <enderio:block_solar_panel:6>: " 8192EU/t "
[INITIALIZATION][CLIENT][INFO] Adding tooltip for <gregtech:machine:32113>: " 分子重组器 "
[INITIALIZATION][CLIENT][INFO] Adding tooltip for <gregtech:machine:32114>: " 材料转换器 "
[INITIALIZATION][CLIENT][INFO] Adding tooltip for <gregtech:machine:32115>: " 夸克重组器 "
[INITIALIZATION][CLIENT][INFO] Adding tooltip for <gregtech:machine:32116>: " 自动调制器 "
[INITIALIZATION][CLIENT][INFO] Adding tooltip for <gregtech:machine:32117>: " 微位分子化器 "
[INITIALIZATION][CLIENT][INFO] Adding tooltip for <gregtech:machine:32118>: " 组件调制器 "
[INITIALIZATION][CLIENT][INFO] Adding tooltip for <gregtech:machine:32119>: " 微小变化器 "
[INITIALIZATION][CLIENT][INFO] Adding tooltip for <gregtech:machine:32120>: " 跨材料雾化器 "
[INITIALIZATION][CLIENT][INFO] [crafttweaker | SIDE_CLIENT]: Loading Script: {[0:crafttweaker]: NormalMod\ActuallyAdditions_0837040224.zs}
[INITIALIZATION][CLIENT][ERROR] NormalMod\ActuallyAdditions_0837040224.zs:2 > could not find package null
[INITIALIZATION][CLIENT][INFO] [crafttweaker | SIDE_CLIENT]: Loading Script: {[0:crafttweaker]: NormalMod\AppliedEnergistics2_1102040124.zs}
[INITIALIZATION][CLIENT][ERROR] NormalMod\AppliedEnergistics2_1102040124.zs:2 > could not find package null
[INITIALIZATION][CLIENT][ERROR] NormalMod\AppliedEnergistics2_1102040124.zs:16 > could not find A
[INITIALIZATION][CLIENT][ERROR] NormalMod\AppliedEnergistics2_1102040124.zs:16 > not a valid lvalue
[INITIALIZATION][CLIENT][ERROR] NormalMod\AppliedEnergistics2_1102040124.zs:17 > could not find B
[INITIALIZATION][CLIENT][ERROR] NormalMod\AppliedEnergistics2_1102040124.zs:17 > not a valid lvalue
[INITIALIZATION][CLIENT][ERROR] NormalMod\AppliedEnergistics2_1102040124.zs:19 > No such static member in crafttweaker.item.IIngredient: A
[INITIALIZATION][CLIENT][ERROR] NormalMod\AppliedEnergistics2_1102040124.zs:19 > No such static member in crafttweaker.item.IIngredient: B
[INITIALIZATION][CLIENT][ERROR] NormalMod\AppliedEnergistics2_1102040124.zs:22 > could not find A
[INITIALIZATION][CLIENT][ERROR] NormalMod\AppliedEnergistics2_1102040124.zs:22 > not a valid lvalue
[INITIALIZATION][CLIENT][ERROR] NormalMod\AppliedEnergistics2_1102040124.zs:24 > No such static member in crafttweaker.item.IIngredient: A
[INITIALIZATION][CLIENT][ERROR] NormalMod\AppliedEnergistics2_1102040124.zs:26 > could not find A
[INITIALIZATION][CLIENT][ERROR] NormalMod\AppliedEnergistics2_1102040124.zs:26 > not a valid lvalue
[INITIALIZATION][CLIENT][ERROR] NormalMod\AppliedEnergistics2_1102040124.zs:27 > could not find B
[INITIALIZATION][CLIENT][ERROR] NormalMod\AppliedEnergistics2_1102040124.zs:27 > not a valid lvalue
[INITIALIZATION][CLIENT][ERROR] NormalMod\AppliedEnergistics2_1102040124.zs:29 > No such static member in crafttweaker.item.IIngredient: A
[INITIALIZATION][CLIENT][ERROR] NormalMod\AppliedEnergistics2_1102040124.zs:29 > No such static member in crafttweaker.item.IIngredient: B
[INITIALIZATION][CLIENT][ERROR] NormalMod\AppliedEnergistics2_1102040124.zs:32 > could not find A
[INITIALIZATION][CLIENT][ERROR] NormalMod\AppliedEnergistics2_1102040124.zs:32 > not a valid lvalue
[INITIALIZATION][CLIENT][ERROR] NormalMod\AppliedEnergistics2_1102040124.zs:34 > No such static member in crafttweaker.item.IIngredient: A
[INITIALIZATION][CLIENT][ERROR] NormalMod\AppliedEnergistics2_1102040124.zs:36 > could not find A
[INITIALIZATION][CLIENT][ERROR] NormalMod\AppliedEnergistics2_1102040124.zs:36 > not a valid lvalue
[INITIALIZATION][CLIENT][ERROR] NormalMod\AppliedEnergistics2_1102040124.zs:37 > could not find B
[INITIALIZATION][CLIENT][ERROR] NormalMod\AppliedEnergistics2_1102040124.zs:37 > not a valid lvalue
[INITIALIZATION][CLIENT][ERROR] NormalMod\AppliedEnergistics2_1102040124.zs:39 > No such static member in crafttweaker.item.IIngredient: A
[INITIALIZATION][CLIENT][ERROR] NormalMod\AppliedEnergistics2_1102040124.zs:39 > No such static member in crafttweaker.item.IIngredient: B
[INITIALIZATION][CLIENT][ERROR] NormalMod\AppliedEnergistics2_1102040124.zs:42 > could not find A
[INITIALIZATION][CLIENT][ERROR] NormalMod\AppliedEnergistics2_1102040124.zs:42 > not a valid lvalue
[INITIALIZATION][CLIENT][ERROR] NormalMod\AppliedEnergistics2_1102040124.zs:44 > No such static member in crafttweaker.item.IIngredient: A
[INITIALIZATION][CLIENT][ERROR] NormalMod\AppliedEnergistics2_1102040124.zs:46 > could not find A
[INITIALIZATION][CLIENT][ERROR] NormalMod\AppliedEnergistics2_1102040124.zs:46 > not a valid lvalue
[INITIALIZATION][CLIENT][ERROR] NormalMod\AppliedEnergistics2_1102040124.zs:47 > could not find B
[INITIALIZATION][CLIENT][ERROR] NormalMod\AppliedEnergistics2_1102040124.zs:47 > not a valid lvalue
[INITIALIZATION][CLIENT][ERROR] NormalMod\AppliedEnergistics2_1102040124.zs:49 > No such static member in crafttweaker.item.IIngredient: A
[INITIALIZATION][CLIENT][ERROR] NormalMod\AppliedEnergistics2_1102040124.zs:49 > No such static member in crafttweaker.item.IIngredient: B
[INITIALIZATION][CLIENT][ERROR] NormalMod\AppliedEnergistics2_1102040124.zs:52 > could not find A
[INITIALIZATION][CLIENT][ERROR] NormalMod\AppliedEnergistics2_1102040124.zs:52 > not a valid lvalue
[INITIALIZATION][CLIENT][ERROR] NormalMod\AppliedEnergistics2_1102040124.zs:54 > No such static member in crafttweaker.item.IIngredient: A
[INITIALIZATION][CLIENT][ERROR] NormalMod\AppliedEnergistics2_1102040124.zs:56 > could not find A
[INITIALIZATION][CLIENT][ERROR] NormalMod\AppliedEnergistics2_1102040124.zs:56 > not a valid lvalue
[INITIALIZATION][CLIENT][ERROR] NormalMod\AppliedEnergistics2_1102040124.zs:57 > could not find B
[INITIALIZATION][CLIENT][ERROR] NormalMod\AppliedEnergistics2_1102040124.zs:57 > not a valid lvalue
[INITIALIZATION][CLIENT][ERROR] NormalMod\AppliedEnergistics2_1102040124.zs:59 > No such static member in crafttweaker.item.IIngredient: A
[INITIALIZATION][CLIENT][ERROR] NormalMod\AppliedEnergistics2_1102040124.zs:59 > No such static member in crafttweaker.item.IIngredient: B
[INITIALIZATION][CLIENT][ERROR] NormalMod\AppliedEnergistics2_1102040124.zs:62 > could not find A
[INITIALIZATION][CLIENT][ERROR] NormalMod\AppliedEnergistics2_1102040124.zs:62 > not a valid lvalue
[INITIALIZATION][CLIENT][ERROR] NormalMod\AppliedEnergistics2_1102040124.zs:64 > No such static member in crafttweaker.item.IIngredient: A
[INITIALIZATION][CLIENT][ERROR] NormalMod\AppliedEnergistics2_1102040124.zs:66 > could not find A
[INITIALIZATION][CLIENT][ERROR] NormalMod\AppliedEnergistics2_1102040124.zs:66 > not a valid lvalue
[INITIALIZATION][CLIENT][ERROR] NormalMod\AppliedEnergistics2_1102040124.zs:67 > could not find B
[INITIALIZATION][CLIENT][ERROR] NormalMod\AppliedEnergistics2_1102040124.zs:67 > not a valid lvalue
[INITIALIZATION][CLIENT][ERROR] NormalMod\AppliedEnergistics2_1102040124.zs:69 > No such static member in crafttweaker.item.IIngredient: A
[INITIALIZATION][CLIENT][ERROR] NormalMod\AppliedEnergistics2_1102040124.zs:69 > No such static member in crafttweaker.item.IIngredient: B
[INITIALIZATION][CLIENT][ERROR] NormalMod\AppliedEnergistics2_1102040124.zs:72 > could not find A
[INITIALIZATION][CLIENT][ERROR] NormalMod\AppliedEnergistics2_1102040124.zs:72 > not a valid lvalue
[INITIALIZATION][CLIENT][ERROR] NormalMod\AppliedEnergistics2_1102040124.zs:74 > No such static member in crafttweaker.item.IIngredient: A
[INITIALIZATION][CLIENT][ERROR] NormalMod\AppliedEnergistics2_1102040124.zs:76 > could not find A
[INITIALIZATION][CLIENT][ERROR] NormalMod\AppliedEnergistics2_1102040124.zs:76 > not a valid lvalue
[INITIALIZATION][CLIENT][ERROR] NormalMod\AppliedEnergistics2_1102040124.zs:77 > could not find B
[INITIALIZATION][CLIENT][ERROR] NormalMod\AppliedEnergistics2_1102040124.zs:77 > not a valid lvalue
[INITIALIZATION][CLIENT][ERROR] NormalMod\AppliedEnergistics2_1102040124.zs:79 > No such static member in crafttweaker.item.IIngredient: A
[INITIALIZATION][CLIENT][ERROR] NormalMod\AppliedEnergistics2_1102040124.zs:79 > No such static member in crafttweaker.item.IIngredient: B
[INITIALIZATION][CLIENT][ERROR] Null not allowed in shapeless recipes! Recipe for: <appliedenergistics2:storage_cell_1k> not created!
[INITIALIZATION][CLIENT][ERROR] Null not allowed in shapeless recipes! Recipe for: <appliedenergistics2:material:36> not created!
[INITIALIZATION][CLIENT][ERROR] Null not allowed in shapeless recipes! Recipe for: <appliedenergistics2:storage_cell_4k> not created!
[INITIALIZATION][CLIENT][ERROR] Null not allowed in shapeless recipes! Recipe for: <appliedenergistics2:material:37> not created!
[INITIALIZATION][CLIENT][ERROR] Null not allowed in shapeless recipes! Recipe for: <appliedenergistics2:storage_cell_16k> not created!
[INITIALIZATION][CLIENT][ERROR] Null not allowed in shapeless recipes! Recipe for: <appliedenergistics2:material:38> not created!
[INITIALIZATION][CLIENT][ERROR] Null not allowed in shapeless recipes! Recipe for: <appliedenergistics2:storage_cell_64k> not created!
[INITIALIZATION][CLIENT][ERROR] Null not allowed in shapeless recipes! Recipe for: <aeadditions:storage.component> not created!
[INITIALIZATION][CLIENT][ERROR] Null not allowed in shapeless recipes! Recipe for: <aeadditions:storage.physical> not created!
[INITIALIZATION][CLIENT][ERROR] Null not allowed in shapeless recipes! Recipe for: <aeadditions:storage.component:1> not created!
[INITIALIZATION][CLIENT][ERROR] Null not allowed in shapeless recipes! Recipe for: <aeadditions:storage.physical:1> not created!
[INITIALIZATION][CLIENT][ERROR] Null not allowed in shapeless recipes! Recipe for: <aeadditions:storage.component:2> not created!
[INITIALIZATION][CLIENT][ERROR] Null not allowed in shapeless recipes! Recipe for: <aeadditions:storage.physical:2> not created!
[INITIALIZATION][CLIENT][INFO] [crafttweaker | SIDE_CLIENT]: Loading Script: {[0:crafttweaker]: NormalMod\EnderIO_1437040224.zs}
[INITIALIZATION][CLIENT][ERROR] NormalMod\EnderIO_1437040224.zs:4 > could not find package null
[INITIALIZATION][CLIENT][ERROR] NormalMod\EnderIO_1437040224.zs:182: Could not resolve <minecraft : shulker_skull>
[INITIALIZATION][CLIENT][ERROR] NormalMod\EnderIO_1437040224.zs:42 > Cannot cast ZenTypeNative: crafttweaker.oredict.IOreDictEntry to ZenTypeNative: crafttweaker.item.IItemStack
[INITIALIZATION][CLIENT][ERROR] NormalMod\EnderIO_1437040224.zs:49 > Cannot cast ZenTypeNative: crafttweaker.oredict.IOreDictEntry to ZenTypeNative: crafttweaker.item.IItemStack
[INITIALIZATION][CLIENT][ERROR] NormalMod\EnderIO_1437040224.zs:56 > Cannot cast ZenTypeNative: crafttweaker.oredict.IOreDictEntry to ZenTypeNative: crafttweaker.item.IItemStack
[INITIALIZATION][CLIENT][ERROR] NormalMod\EnderIO_1437040224.zs:110 > could not find A
[INITIALIZATION][CLIENT][ERROR] NormalMod\EnderIO_1437040224.zs:110 > not a valid lvalue
[INITIALIZATION][CLIENT][ERROR] NormalMod\EnderIO_1437040224.zs:111 > could not find B
[INITIALIZATION][CLIENT][ERROR] NormalMod\EnderIO_1437040224.zs:111 > not a valid lvalue
[INITIALIZATION][CLIENT][ERROR] NormalMod\EnderIO_1437040224.zs:112 > could not find C
[INITIALIZATION][CLIENT][ERROR] NormalMod\EnderIO_1437040224.zs:112 > not a valid lvalue
[INITIALIZATION][CLIENT][ERROR] NormalMod\EnderIO_1437040224.zs:114 > No such static member in crafttweaker.item.IIngredient: N
[INITIALIZATION][CLIENT][ERROR] NormalMod\EnderIO_1437040224.zs:114 > No such static member in crafttweaker.item.IIngredient: A
[INITIALIZATION][CLIENT][ERROR] NormalMod\EnderIO_1437040224.zs:114 > No such static member in crafttweaker.item.IIngredient: B
[INITIALIZATION][CLIENT][ERROR] NormalMod\EnderIO_1437040224.zs:115 > No such static member in crafttweaker.item.IIngredient: A
[INITIALIZATION][CLIENT][ERROR] NormalMod\EnderIO_1437040224.zs:115 > No such static member in crafttweaker.item.IIngredient: C
[INITIALIZATION][CLIENT][ERROR] NormalMod\EnderIO_1437040224.zs:115 > No such static member in crafttweaker.item.IIngredient: A
[INITIALIZATION][CLIENT][ERROR] NormalMod\EnderIO_1437040224.zs:116 > No such static member in crafttweaker.item.IIngredient: B
[INITIALIZATION][CLIENT][ERROR] NormalMod\EnderIO_1437040224.zs:116 > No such static member in crafttweaker.item.IIngredient: A
[INITIALIZATION][CLIENT][ERROR] NormalMod\EnderIO_1437040224.zs:116 > No such static member in crafttweaker.item.IIngredient: N
[INITIALIZATION][CLIENT][ERROR] NormalMod\EnderIO_1437040224.zs:127 > could not find A
[INITIALIZATION][CLIENT][ERROR] NormalMod\EnderIO_1437040224.zs:127 > not a valid lvalue
[INITIALIZATION][CLIENT][ERROR] NormalMod\EnderIO_1437040224.zs:128 > could not find B
[INITIALIZATION][CLIENT][ERROR] NormalMod\EnderIO_1437040224.zs:128 > not a valid lvalue
[INITIALIZATION][CLIENT][ERROR] NormalMod\EnderIO_1437040224.zs:129 > could not find C
[INITIALIZATION][CLIENT][ERROR] NormalMod\EnderIO_1437040224.zs:129 > not a valid lvalue
[INITIALIZATION][CLIENT][ERROR] NormalMod\EnderIO_1437040224.zs:131 > No such static member in crafttweaker.item.IIngredient: N
[INITIALIZATION][CLIENT][ERROR] NormalMod\EnderIO_1437040224.zs:131 > No such static member in crafttweaker.item.IIngredient: A
[INITIALIZATION][CLIENT][ERROR] NormalMod\EnderIO_1437040224.zs:131 > No such static member in crafttweaker.item.IIngredient: N
[INITIALIZATION][CLIENT][ERROR] NormalMod\EnderIO_1437040224.zs:132 > No such static member in crafttweaker.item.IIngredient: C
[INITIALIZATION][CLIENT][ERROR] NormalMod\EnderIO_1437040224.zs:132 > No such static member in crafttweaker.item.IIngredient: B
[INITIALIZATION][CLIENT][ERROR] NormalMod\EnderIO_1437040224.zs:132 > No such static member in crafttweaker.item.IIngredient: C
[INITIALIZATION][CLIENT][ERROR] NormalMod\EnderIO_1437040224.zs:133 > No such static member in crafttweaker.item.IIngredient: N
[INITIALIZATION][CLIENT][ERROR] NormalMod\EnderIO_1437040224.zs:133 > No such static member in crafttweaker.item.IIngredient: A
[INITIALIZATION][CLIENT][ERROR] NormalMod\EnderIO_1437040224.zs:133 > No such static member in crafttweaker.item.IIngredient: N
[INITIALIZATION][CLIENT][ERROR] NormalMod\EnderIO_1437040224.zs:144 > could not find A
[INITIALIZATION][CLIENT][ERROR] NormalMod\EnderIO_1437040224.zs:144 > not a valid lvalue
[INITIALIZATION][CLIENT][ERROR] NormalMod\EnderIO_1437040224.zs:145 > could not find B
[INITIALIZATION][CLIENT][ERROR] NormalMod\EnderIO_1437040224.zs:145 > not a valid lvalue
[INITIALIZATION][CLIENT][ERROR] NormalMod\EnderIO_1437040224.zs:146 > could not find C
[INITIALIZATION][CLIENT][ERROR] NormalMod\EnderIO_1437040224.zs:146 > not a valid lvalue
[INITIALIZATION][CLIENT][ERROR] NormalMod\EnderIO_1437040224.zs:148 > No such static member in crafttweaker.item.IIngredient: N
[INITIALIZATION][CLIENT][ERROR] NormalMod\EnderIO_1437040224.zs:148 > No such static member in crafttweaker.item.IIngredient: A
[INITIALIZATION][CLIENT][ERROR] NormalMod\EnderIO_1437040224.zs:148 > No such static member in crafttweaker.item.IIngredient: N
[INITIALIZATION][CLIENT][ERROR] NormalMod\EnderIO_1437040224.zs:149 > No such static member in crafttweaker.item.IIngredient: C
[INITIALIZATION][CLIENT][ERROR] NormalMod\EnderIO_1437040224.zs:149 > No such static member in crafttweaker.item.IIngredient: B
[INITIALIZATION][CLIENT][ERROR] NormalMod\EnderIO_1437040224.zs:149 > No such static member in crafttweaker.item.IIngredient: C
[INITIALIZATION][CLIENT][ERROR] NormalMod\EnderIO_1437040224.zs:150 > No such static member in crafttweaker.item.IIngredient: N
[INITIALIZATION][CLIENT][ERROR] NormalMod\EnderIO_1437040224.zs:150 > No such static member in crafttweaker.item.IIngredient: A
[INITIALIZATION][CLIENT][ERROR] NormalMod\EnderIO_1437040224.zs:150 > No such static member in crafttweaker.item.IIngredient: N
[INITIALIZATION][CLIENT][ERROR] NormalMod\EnderIO_1437040224.zs:190 > could not find A
[INITIALIZATION][CLIENT][ERROR] NormalMod\EnderIO_1437040224.zs:190 > not a valid lvalue
[INITIALIZATION][CLIENT][ERROR] NormalMod\EnderIO_1437040224.zs:191 > could not find B
[INITIALIZATION][CLIENT][ERROR] NormalMod\EnderIO_1437040224.zs:191 > not a valid lvalue
[INITIALIZATION][CLIENT][ERROR] NormalMod\EnderIO_1437040224.zs:193 > No such static member in crafttweaker.item.IIngredient: N
[INITIALIZATION][CLIENT][ERROR] NormalMod\EnderIO_1437040224.zs:193 > No such static member in crafttweaker.item.IIngredient: A
[INITIALIZATION][CLIENT][ERROR] NormalMod\EnderIO_1437040224.zs:193 > No such static member in crafttweaker.item.IIngredient: N
[INITIALIZATION][CLIENT][ERROR] NormalMod\EnderIO_1437040224.zs:194 > No such static member in crafttweaker.item.IIngredient: A
[INITIALIZATION][CLIENT][ERROR] NormalMod\EnderIO_1437040224.zs:194 > No such static member in crafttweaker.item.IIngredient: B
[INITIALIZATION][CLIENT][ERROR] NormalMod\EnderIO_1437040224.zs:194 > No such static member in crafttweaker.item.IIngredient: A
[INITIALIZATION][CLIENT][ERROR] NormalMod\EnderIO_1437040224.zs:195 > No such static member in crafttweaker.item.IIngredient: N
[INITIALIZATION][CLIENT][ERROR] NormalMod\EnderIO_1437040224.zs:195 > No such static member in crafttweaker.item.IIngredient: A
[INITIALIZATION][CLIENT][ERROR] NormalMod\EnderIO_1437040224.zs:195 > No such static member in crafttweaker.item.IIngredient: N
[INITIALIZATION][CLIENT][ERROR] NormalMod\EnderIO_1437040224.zs:198 > could not find A
[INITIALIZATION][CLIENT][ERROR] NormalMod\EnderIO_1437040224.zs:198 > not a valid lvalue
[INITIALIZATION][CLIENT][ERROR] NormalMod\EnderIO_1437040224.zs:199 > could not find B
[INITIALIZATION][CLIENT][ERROR] NormalMod\EnderIO_1437040224.zs:199 > not a valid lvalue
[INITIALIZATION][CLIENT][ERROR] NormalMod\EnderIO_1437040224.zs:200 > could not find C
[INITIALIZATION][CLIENT][ERROR] NormalMod\EnderIO_1437040224.zs:200 > not a valid lvalue
[INITIALIZATION][CLIENT][ERROR] NormalMod\EnderIO_1437040224.zs:202 > No such static member in crafttweaker.item.IIngredient: C
[INITIALIZATION][CLIENT][ERROR] NormalMod\EnderIO_1437040224.zs:202 > No such static member in crafttweaker.item.IIngredient: A
[INITIALIZATION][CLIENT][ERROR] NormalMod\EnderIO_1437040224.zs:202 > No such static member in crafttweaker.item.IIngredient: C
[INITIALIZATION][CLIENT][ERROR] NormalMod\EnderIO_1437040224.zs:203 > No such static member in crafttweaker.item.IIngredient: A
[INITIALIZATION][CLIENT][ERROR] NormalMod\EnderIO_1437040224.zs:203 > No such static member in crafttweaker.item.IIngredient: B
[INITIALIZATION][CLIENT][ERROR] NormalMod\EnderIO_1437040224.zs:203 > No such static member in crafttweaker.item.IIngredient: A
[INITIALIZATION][CLIENT][ERROR] NormalMod\EnderIO_1437040224.zs:204 > No such static member in crafttweaker.item.IIngredient: C
[INITIALIZATION][CLIENT][ERROR] NormalMod\EnderIO_1437040224.zs:204 > No such static member in crafttweaker.item.IIngredient: A
[INITIALIZATION][CLIENT][ERROR] NormalMod\EnderIO_1437040224.zs:204 > No such static member in crafttweaker.item.IIngredient: C
[INITIALIZATION][CLIENT][ERROR] NormalMod\EnderIO_1437040224.zs:207 > could not find A
[INITIALIZATION][CLIENT][ERROR] NormalMod\EnderIO_1437040224.zs:207 > not a valid lvalue
[INITIALIZATION][CLIENT][ERROR] NormalMod\EnderIO_1437040224.zs:208 > could not find B
[INITIALIZATION][CLIENT][ERROR] NormalMod\EnderIO_1437040224.zs:208 > not a valid lvalue
[INITIALIZATION][CLIENT][ERROR] NormalMod\EnderIO_1437040224.zs:210 > No such static member in crafttweaker.item.IIngredient: A
[INITIALIZATION][CLIENT][ERROR] NormalMod\EnderIO_1437040224.zs:210 > No such static member in crafttweaker.item.IIngredient: B
[INITIALIZATION][CLIENT][ERROR] NormalMod\EnderIO_1437040224.zs:210 > No such static member in crafttweaker.item.IIngredient: A
[INITIALIZATION][CLIENT][ERROR] NormalMod\EnderIO_1437040224.zs:213 > could not find A
[INITIALIZATION][CLIENT][ERROR] NormalMod\EnderIO_1437040224.zs:213 > not a valid lvalue
[INITIALIZATION][CLIENT][ERROR] NormalMod\EnderIO_1437040224.zs:214 > could not find B
[INITIALIZATION][CLIENT][ERROR] NormalMod\EnderIO_1437040224.zs:214 > not a valid lvalue
[INITIALIZATION][CLIENT][ERROR] NormalMod\EnderIO_1437040224.zs:215 > could not find C
[INITIALIZATION][CLIENT][ERROR] NormalMod\EnderIO_1437040224.zs:215 > not a valid lvalue
[INITIALIZATION][CLIENT][ERROR] NormalMod\EnderIO_1437040224.zs:217 > No such static member in crafttweaker.item.IIngredient: C
[INITIALIZATION][CLIENT][ERROR] NormalMod\EnderIO_1437040224.zs:217 > No such static member in crafttweaker.item.IIngredient: A
[INITIALIZATION][CLIENT][ERROR] NormalMod\EnderIO_1437040224.zs:217 > No such static member in crafttweaker.item.IIngredient: C
[INITIALIZATION][CLIENT][ERROR] NormalMod\EnderIO_1437040224.zs:218 > No such static member in crafttweaker.item.IIngredient: A
[INITIALIZATION][CLIENT][ERROR] NormalMod\EnderIO_1437040224.zs:218 > No such static member in crafttweaker.item.IIngredient: B
[INITIALIZATION][CLIENT][ERROR] NormalMod\EnderIO_1437040224.zs:218 > No such static member in crafttweaker.item.IIngredient: A
[INITIALIZATION][CLIENT][ERROR] NormalMod\EnderIO_1437040224.zs:219 > No such static member in crafttweaker.item.IIngredient: C
[INITIALIZATION][CLIENT][ERROR] NormalMod\EnderIO_1437040224.zs:219 > No such static member in crafttweaker.item.IIngredient: A
[INITIALIZATION][CLIENT][ERROR] NormalMod\EnderIO_1437040224.zs:219 > No such static member in crafttweaker.item.IIngredient: C
[INITIALIZATION][CLIENT][ERROR] NormalMod\EnderIO_1437040224.zs:222 > could not find A
[INITIALIZATION][CLIENT][ERROR] NormalMod\EnderIO_1437040224.zs:222 > not a valid lvalue
[INITIALIZATION][CLIENT][ERROR] NormalMod\EnderIO_1437040224.zs:223 > could not find B
[INITIALIZATION][CLIENT][ERROR] NormalMod\EnderIO_1437040224.zs:223 > not a valid lvalue
[INITIALIZATION][CLIENT][ERROR] NormalMod\EnderIO_1437040224.zs:225 > No such static member in crafttweaker.item.IIngredient: A
[INITIALIZATION][CLIENT][ERROR] NormalMod\EnderIO_1437040224.zs:225 > No such static member in crafttweaker.item.IIngredient: B
[INITIALIZATION][CLIENT][ERROR] NormalMod\EnderIO_1437040224.zs:228 > could not find A
[INITIALIZATION][CLIENT][ERROR] NormalMod\EnderIO_1437040224.zs:228 > not a valid lvalue
[INITIALIZATION][CLIENT][ERROR] NormalMod\EnderIO_1437040224.zs:229 > could not find B
[INITIALIZATION][CLIENT][ERROR] NormalMod\EnderIO_1437040224.zs:229 > not a valid lvalue
[INITIALIZATION][CLIENT][ERROR] NormalMod\EnderIO_1437040224.zs:230 > could not find C
[INITIALIZATION][CLIENT][ERROR] NormalMod\EnderIO_1437040224.zs:230 > not a valid lvalue
[INITIALIZATION][CLIENT][ERROR] NormalMod\EnderIO_1437040224.zs:232 > No such static member in crafttweaker.item.IIngredient: N
[INITIALIZATION][CLIENT][ERROR] NormalMod\EnderIO_1437040224.zs:232 > No such static member in crafttweaker.item.IIngredient: A
[INITIALIZATION][CLIENT][ERROR] NormalMod\EnderIO_1437040224.zs:232 > No such static member in crafttweaker.item.IIngredient: N
[INITIALIZATION][CLIENT][ERROR] NormalMod\EnderIO_1437040224.zs:233 > No such static member in crafttweaker.item.IIngredient: A
[INITIALIZATION][CLIENT][ERROR] NormalMod\EnderIO_1437040224.zs:233 > No such static member in crafttweaker.item.IIngredient: B
[INITIALIZATION][CLIENT][ERROR] NormalMod\EnderIO_1437040224.zs:233 > No such static member in crafttweaker.item.IIngredient: A
[INITIALIZATION][CLIENT][ERROR] NormalMod\EnderIO_1437040224.zs:234 > No such static member in crafttweaker.item.IIngredient: N
[INITIALIZATION][CLIENT][ERROR] NormalMod\EnderIO_1437040224.zs:234 > No such static member in crafttweaker.item.IIngredient: C
[INITIALIZATION][CLIENT][ERROR] NormalMod\EnderIO_1437040224.zs:234 > No such static member in crafttweaker.item.IIngredient: N
[INITIALIZATION][CLIENT][ERROR] NormalMod\EnderIO_1437040224.zs:237 > could not find A
[INITIALIZATION][CLIENT][ERROR] NormalMod\EnderIO_1437040224.zs:237 > not a valid lvalue
[INITIALIZATION][CLIENT][ERROR] NormalMod\EnderIO_1437040224.zs:238 > could not find B
[INITIALIZATION][CLIENT][ERROR] NormalMod\EnderIO_1437040224.zs:238 > not a valid lvalue
[INITIALIZATION][CLIENT][ERROR] NormalMod\EnderIO_1437040224.zs:240 > No such static member in crafttweaker.item.IIngredient: N
[INITIALIZATION][CLIENT][ERROR] NormalMod\EnderIO_1437040224.zs:240 > No such static member in crafttweaker.item.IIngredient: A
[INITIALIZATION][CLIENT][ERROR] NormalMod\EnderIO_1437040224.zs:240 > No such static member in crafttweaker.item.IIngredient: N
[INITIALIZATION][CLIENT][ERROR] NormalMod\EnderIO_1437040224.zs:241 > No such static member in crafttweaker.item.IIngredient: A
[INITIALIZATION][CLIENT][ERROR] NormalMod\EnderIO_1437040224.zs:241 > No such static member in crafttweaker.item.IIngredient: B
[INITIALIZATION][CLIENT][ERROR] NormalMod\EnderIO_1437040224.zs:241 > No such static member in crafttweaker.item.IIngredient: A
[INITIALIZATION][CLIENT][ERROR] NormalMod\EnderIO_1437040224.zs:242 > No such static member in crafttweaker.item.IIngredient: N
[INITIALIZATION][CLIENT][ERROR] NormalMod\EnderIO_1437040224.zs:242 > No such static member in crafttweaker.item.IIngredient: A
[INITIALIZATION][CLIENT][ERROR] NormalMod\EnderIO_1437040224.zs:242 > No such static member in crafttweaker.item.IIngredient: N
[INITIALIZATION][CLIENT][ERROR] NormalMod\EnderIO_1437040224.zs:263 > could not find A
[INITIALIZATION][CLIENT][ERROR] NormalMod\EnderIO_1437040224.zs:263 > not a valid lvalue
[INITIALIZATION][CLIENT][ERROR] NormalMod\EnderIO_1437040224.zs:264 > could not find B
[INITIALIZATION][CLIENT][ERROR] NormalMod\EnderIO_1437040224.zs:264 > not a valid lvalue
[INITIALIZATION][CLIENT][ERROR] NormalMod\EnderIO_1437040224.zs:266 > No such static member in crafttweaker.item.IIngredient: A
[INITIALIZATION][CLIENT][ERROR] NormalMod\EnderIO_1437040224.zs:266 > No such static member in crafttweaker.item.IIngredient: B
[INITIALIZATION][CLIENT][ERROR] NormalMod\EnderIO_1437040224.zs:269 > could not find A
[INITIALIZATION][CLIENT][ERROR] NormalMod\EnderIO_1437040224.zs:269 > not a valid lvalue
[INITIALIZATION][CLIENT][ERROR] NormalMod\EnderIO_1437040224.zs:270 > could not find B
[INITIALIZATION][CLIENT][ERROR] NormalMod\EnderIO_1437040224.zs:270 > not a valid lvalue
[INITIALIZATION][CLIENT][ERROR] NormalMod\EnderIO_1437040224.zs:272 > No such static member in crafttweaker.item.IIngredient: A
[INITIALIZATION][CLIENT][ERROR] NormalMod\EnderIO_1437040224.zs:272 > No such static member in crafttweaker.item.IIngredient: B
[INITIALIZATION][CLIENT][ERROR] NormalMod\EnderIO_1437040224.zs:275 > could not find A
[INITIALIZATION][CLIENT][ERROR] NormalMod\EnderIO_1437040224.zs:275 > not a valid lvalue
[INITIALIZATION][CLIENT][ERROR] NormalMod\EnderIO_1437040224.zs:276 > could not find B
[INITIALIZATION][CLIENT][ERROR] NormalMod\EnderIO_1437040224.zs:276 > not a valid lvalue
[INITIALIZATION][CLIENT][ERROR] NormalMod\EnderIO_1437040224.zs:278 > No such static member in crafttweaker.item.IIngredient: N
[INITIALIZATION][CLIENT][ERROR] NormalMod\EnderIO_1437040224.zs:278 > No such static member in crafttweaker.item.IIngredient: A
[INITIALIZATION][CLIENT][ERROR] NormalMod\EnderIO_1437040224.zs:278 > No such static member in crafttweaker.item.IIngredient: N
[INITIALIZATION][CLIENT][ERROR] NormalMod\EnderIO_1437040224.zs:279 > No such static member in crafttweaker.item.IIngredient: A
[INITIALIZATION][CLIENT][ERROR] NormalMod\EnderIO_1437040224.zs:279 > No such static member in crafttweaker.item.IIngredient: B
[INITIALIZATION][CLIENT][ERROR] NormalMod\EnderIO_1437040224.zs:279 > No such static member in crafttweaker.item.IIngredient: A
[INITIALIZATION][CLIENT][ERROR] NormalMod\EnderIO_1437040224.zs:280 > No such static member in crafttweaker.item.IIngredient: N
[INITIALIZATION][CLIENT][ERROR] NormalMod\EnderIO_1437040224.zs:280 > No such static member in crafttweaker.item.IIngredient: A
[INITIALIZATION][CLIENT][ERROR] NormalMod\EnderIO_1437040224.zs:280 > No such static member in crafttweaker.item.IIngredient: N
[INITIALIZATION][CLIENT][ERROR] NormalMod\EnderIO_1437040224.zs:283 > could not find A
[INITIALIZATION][CLIENT][ERROR] NormalMod\EnderIO_1437040224.zs:283 > not a valid lvalue
[INITIALIZATION][CLIENT][ERROR] NormalMod\EnderIO_1437040224.zs:284 > could not find B
[INITIALIZATION][CLIENT][ERROR] NormalMod\EnderIO_1437040224.zs:284 > not a valid lvalue
[INITIALIZATION][CLIENT][ERROR] NormalMod\EnderIO_1437040224.zs:285 > could not find C
[INITIALIZATION][CLIENT][ERROR] NormalMod\EnderIO_1437040224.zs:285 > not a valid lvalue
[INITIALIZATION][CLIENT][ERROR] NormalMod\EnderIO_1437040224.zs:286 > could not find D
[INITIALIZATION][CLIENT][ERROR] NormalMod\EnderIO_1437040224.zs:286 > not a valid lvalue
[INITIALIZATION][CLIENT][ERROR] NormalMod\EnderIO_1437040224.zs:287 > could not find E
[INITIALIZATION][CLIENT][ERROR] NormalMod\EnderIO_1437040224.zs:287 > not a valid lvalue
[INITIALIZATION][CLIENT][ERROR] NormalMod\EnderIO_1437040224.zs:288 > could not find F
[INITIALIZATION][CLIENT][ERROR] NormalMod\EnderIO_1437040224.zs:288 > not a valid lvalue
[INITIALIZATION][CLIENT][ERROR] NormalMod\EnderIO_1437040224.zs:289 > could not find G
[INITIALIZATION][CLIENT][ERROR] NormalMod\EnderIO_1437040224.zs:289 > not a valid lvalue
[INITIALIZATION][CLIENT][ERROR] NormalMod\EnderIO_1437040224.zs:290 > could not find H
[INITIALIZATION][CLIENT][ERROR] NormalMod\EnderIO_1437040224.zs:290 > not a valid lvalue
[INITIALIZATION][CLIENT][ERROR] NormalMod\EnderIO_1437040224.zs:291 > could not find I
[INITIALIZATION][CLIENT][ERROR] NormalMod\EnderIO_1437040224.zs:291 > not a valid lvalue
[INITIALIZATION][CLIENT][ERROR] NormalMod\EnderIO_1437040224.zs:294 > No such static member in crafttweaker.item.IIngredient: B
[INITIALIZATION][CLIENT][ERROR] NormalMod\EnderIO_1437040224.zs:294 > No such static member in crafttweaker.item.IIngredient: A
[INITIALIZATION][CLIENT][ERROR] NormalMod\EnderIO_1437040224.zs:294 > No such static member in crafttweaker.item.IIngredient: C
[INITIALIZATION][CLIENT][ERROR] NormalMod\EnderIO_1437040224.zs:298 > No such static member in crafttweaker.item.IIngredient: B
[INITIALIZATION][CLIENT][ERROR] NormalMod\EnderIO_1437040224.zs:299 > No such static member in crafttweaker.item.IIngredient: A
[INITIALIZATION][CLIENT][ERROR] NormalMod\EnderIO_1437040224.zs:300 > No such static member in crafttweaker.item.IIngredient: B
[INITIALIZATION][CLIENT][ERROR] NormalMod\EnderIO_1437040224.zs:304 > No such static member in crafttweaker.item.IIngredient: C
[INITIALIZATION][CLIENT][ERROR] NormalMod\EnderIO_1437040224.zs:305 > No such static member in crafttweaker.item.IIngredient: A
[INITIALIZATION][CLIENT][ERROR] NormalMod\EnderIO_1437040224.zs:306 > No such static member in crafttweaker.item.IIngredient: C
[INITIALIZATION][CLIENT][ERROR] NormalMod\EnderIO_1437040224.zs:310 > No such static member in crafttweaker.item.IIngredient: C
[INITIALIZATION][CLIENT][ERROR] NormalMod\EnderIO_1437040224.zs:310 > No such static member in crafttweaker.item.IIngredient: G
[INITIALIZATION][CLIENT][ERROR] NormalMod\EnderIO_1437040224.zs:314 > No such static member in crafttweaker.item.IIngredient: C
[INITIALIZATION][CLIENT][ERROR] NormalMod\EnderIO_1437040224.zs:314 > No such static member in crafttweaker.item.IIngredient: H
[INITIALIZATION][CLIENT][ERROR] NormalMod\EnderIO_1437040224.zs:318 > No such static member in crafttweaker.item.IIngredient: N
[INITIALIZATION][CLIENT][ERROR] NormalMod\EnderIO_1437040224.zs:318 > No such static member in crafttweaker.item.IIngredient: C
[INITIALIZATION][CLIENT][ERROR] NormalMod\EnderIO_1437040224.zs:318 > No such static member in crafttweaker.item.IIngredient: N
[INITIALIZATION][CLIENT][ERROR] NormalMod\EnderIO_1437040224.zs:319 > No such static member in crafttweaker.item.IIngredient: B
[INITIALIZATION][CLIENT][ERROR] NormalMod\EnderIO_1437040224.zs:319 > No such static member in crafttweaker.item.IIngredient: A
[INITIALIZATION][CLIENT][ERROR] NormalMod\EnderIO_1437040224.zs:319 > No such static member in crafttweaker.item.IIngredient: B
[INITIALIZATION][CLIENT][ERROR] NormalMod\EnderIO_1437040224.zs:320 > No such static member in crafttweaker.item.IIngredient: N
[INITIALIZATION][CLIENT][ERROR] NormalMod\EnderIO_1437040224.zs:320 > No such static member in crafttweaker.item.IIngredient: C
[INITIALIZATION][CLIENT][ERROR] NormalMod\EnderIO_1437040224.zs:320 > No such static member in crafttweaker.item.IIngredient: N
[INITIALIZATION][CLIENT][ERROR] NormalMod\EnderIO_1437040224.zs:324 > No such static member in crafttweaker.item.IIngredient: C
[INITIALIZATION][CLIENT][ERROR] NormalMod\EnderIO_1437040224.zs:324 > No such static member in crafttweaker.item.IIngredient: I
[INITIALIZATION][CLIENT][ERROR] NormalMod\EnderIO_1437040224.zs:328 > No such static member in crafttweaker.item.IIngredient: D
[INITIALIZATION][CLIENT][ERROR] NormalMod\EnderIO_1437040224.zs:328 > No such static member in crafttweaker.item.IIngredient: A
[INITIALIZATION][CLIENT][ERROR] NormalMod\EnderIO_1437040224.zs:328 > No such static member in crafttweaker.item.IIngredient: B
[INITIALIZATION][CLIENT][ERROR] NormalMod\EnderIO_1437040224.zs:332 > No such static member in crafttweaker.item.IIngredient: B
[INITIALIZATION][CLIENT][ERROR] NormalMod\EnderIO_1437040224.zs:332 > No such static member in crafttweaker.item.IIngredient: N
[INITIALIZATION][CLIENT][ERROR] NormalMod\EnderIO_1437040224.zs:333 > No such static member in crafttweaker.item.IIngredient: B
[INITIALIZATION][CLIENT][ERROR] NormalMod\EnderIO_1437040224.zs:333 > No such static member in crafttweaker.item.IIngredient: A
[INITIALIZATION][CLIENT][ERROR] NormalMod\EnderIO_1437040224.zs:334 > No such static member in crafttweaker.item.IIngredient: B
[INITIALIZATION][CLIENT][ERROR] NormalMod\EnderIO_1437040224.zs:334 > No such static member in crafttweaker.item.IIngredient: N
[INITIALIZATION][CLIENT][ERROR] NormalMod\EnderIO_1437040224.zs:338 > No such static member in crafttweaker.item.IIngredient: E
[INITIALIZATION][CLIENT][ERROR] NormalMod\EnderIO_1437040224.zs:338 > No such static member in crafttweaker.item.IIngredient: A
[INITIALIZATION][CLIENT][ERROR] NormalMod\EnderIO_1437040224.zs:338 > No such static member in crafttweaker.item.IIngredient: B
[INITIALIZATION][CLIENT][ERROR] NormalMod\EnderIO_1437040224.zs:342 > No such static member in crafttweaker.item.IIngredient: B
[INITIALIZATION][CLIENT][ERROR] NormalMod\EnderIO_1437040224.zs:342 > No such static member in crafttweaker.item.IIngredient: A
[INITIALIZATION][CLIENT][ERROR] NormalMod\EnderIO_1437040224.zs:342 > No such static member in crafttweaker.item.IIngredient: F
[INITIALIZATION][CLIENT][ERROR] NormalMod\EnderIO_1437040224.zs:457 > could not find A
[INITIALIZATION][CLIENT][ERROR] NormalMod\EnderIO_1437040224.zs:457 > not a valid lvalue
[INITIALIZATION][CLIENT][ERROR] NormalMod\EnderIO_1437040224.zs:458 > could not find B
[INITIALIZATION][CLIENT][ERROR] NormalMod\EnderIO_1437040224.zs:458 > not a valid lvalue
[INITIALIZATION][CLIENT][ERROR] NormalMod\EnderIO_1437040224.zs:459 > could not find C
[INITIALIZATION][CLIENT][ERROR] NormalMod\EnderIO_1437040224.zs:459 > not a valid lvalue
[INITIALIZATION][CLIENT][ERROR] NormalMod\EnderIO_1437040224.zs:461 > No such static member in crafttweaker.item.IIngredient: N
[INITIALIZATION][CLIENT][ERROR] NormalMod\EnderIO_1437040224.zs:461 > No such static member in crafttweaker.item.IIngredient: A
[INITIALIZATION][CLIENT][ERROR] NormalMod\EnderIO_1437040224.zs:461 > No such static member in crafttweaker.item.IIngredient: N
[INITIALIZATION][CLIENT][ERROR] NormalMod\EnderIO_1437040224.zs:462 > No such static member in crafttweaker.item.IIngredient: B
[INITIALIZATION][CLIENT][ERROR] NormalMod\EnderIO_1437040224.zs:462 > No such static member in crafttweaker.item.IIngredient: C
[INITIALIZATION][CLIENT][ERROR] NormalMod\EnderIO_1437040224.zs:462 > No such static member in crafttweaker.item.IIngredient: B
[INITIALIZATION][CLIENT][ERROR] NormalMod\EnderIO_1437040224.zs:463 > No such static member in crafttweaker.item.IIngredient: B
[INITIALIZATION][CLIENT][ERROR] NormalMod\EnderIO_1437040224.zs:463 > No such static member in crafttweaker.item.IIngredient: B
[INITIALIZATION][CLIENT][ERROR] NormalMod\EnderIO_1437040224.zs:463 > No such static member in crafttweaker.item.IIngredient: B
[INITIALIZATION][CLIENT][ERROR] NormalMod\EnderIO_1437040224.zs:466 > could not find A
[INITIALIZATION][CLIENT][ERROR] NormalMod\EnderIO_1437040224.zs:466 > not a valid lvalue
[INITIALIZATION][CLIENT][ERROR] NormalMod\EnderIO_1437040224.zs:467 > could not find B
[INITIALIZATION][CLIENT][ERROR] NormalMod\EnderIO_1437040224.zs:467 > not a valid lvalue
[INITIALIZATION][CLIENT][ERROR] NormalMod\EnderIO_1437040224.zs:469 > No such static member in crafttweaker.item.IIngredient: N
[INITIALIZATION][CLIENT][ERROR] NormalMod\EnderIO_1437040224.zs:469 > No such static member in crafttweaker.item.IIngredient: N
[INITIALIZATION][CLIENT][ERROR] NormalMod\EnderIO_1437040224.zs:469 > No such static member in crafttweaker.item.IIngredient: A
[INITIALIZATION][CLIENT][ERROR] NormalMod\EnderIO_1437040224.zs:470 > No such static member in crafttweaker.item.IIngredient: N
[INITIALIZATION][CLIENT][ERROR] NormalMod\EnderIO_1437040224.zs:470 > No such static member in crafttweaker.item.IIngredient: B
[INITIALIZATION][CLIENT][ERROR] NormalMod\EnderIO_1437040224.zs:470 > No such static member in crafttweaker.item.IIngredient: N
[INITIALIZATION][CLIENT][ERROR] NormalMod\EnderIO_1437040224.zs:471 > No such static member in crafttweaker.item.IIngredient: B
[INITIALIZATION][CLIENT][ERROR] NormalMod\EnderIO_1437040224.zs:471 > No such static member in crafttweaker.item.IIngredient: N
[INITIALIZATION][CLIENT][ERROR] NormalMod\EnderIO_1437040224.zs:471 > No such static member in crafttweaker.item.IIngredient: N
[INITIALIZATION][CLIENT][ERROR] NormalMod\EnderIO_1437040224.zs:474 > could not find A
[INITIALIZATION][CLIENT][ERROR] NormalMod\EnderIO_1437040224.zs:474 > not a valid lvalue
[INITIALIZATION][CLIENT][ERROR] NormalMod\EnderIO_1437040224.zs:475 > could not find B
[INITIALIZATION][CLIENT][ERROR] NormalMod\EnderIO_1437040224.zs:475 > not a valid lvalue
[INITIALIZATION][CLIENT][ERROR] NormalMod\EnderIO_1437040224.zs:477 > No such static member in crafttweaker.item.IIngredient: A
[INITIALIZATION][CLIENT][ERROR] NormalMod\EnderIO_1437040224.zs:477 > No such static member in crafttweaker.item.IIngredient: N
[INITIALIZATION][CLIENT][ERROR] NormalMod\EnderIO_1437040224.zs:477 > No such static member in crafttweaker.item.IIngredient: A
[INITIALIZATION][CLIENT][ERROR] NormalMod\EnderIO_1437040224.zs:478 > No such static member in crafttweaker.item.IIngredient: N
[INITIALIZATION][CLIENT][ERROR] NormalMod\EnderIO_1437040224.zs:478 > No such static member in crafttweaker.item.IIngredient: B
[INITIALIZATION][CLIENT][ERROR] NormalMod\EnderIO_1437040224.zs:478 > No such static member in crafttweaker.item.IIngredient: N
[INITIALIZATION][CLIENT][ERROR] NormalMod\EnderIO_1437040224.zs:479 > No such static member in crafttweaker.item.IIngredient: N
[INITIALIZATION][CLIENT][ERROR] NormalMod\EnderIO_1437040224.zs:479 > No such static member in crafttweaker.item.IIngredient: A
[INITIALIZATION][CLIENT][ERROR] NormalMod\EnderIO_1437040224.zs:479 > No such static member in crafttweaker.item.IIngredient: N
[INITIALIZATION][CLIENT][ERROR] NormalMod\EnderIO_1437040224.zs:482 > could not find A
[INITIALIZATION][CLIENT][ERROR] NormalMod\EnderIO_1437040224.zs:482 > not a valid lvalue
[INITIALIZATION][CLIENT][ERROR] NormalMod\EnderIO_1437040224.zs:483 > could not find B
[INITIALIZATION][CLIENT][ERROR] NormalMod\EnderIO_1437040224.zs:483 > not a valid lvalue
[INITIALIZATION][CLIENT][ERROR] NormalMod\EnderIO_1437040224.zs:485 > No such static member in crafttweaker.item.IIngredient: N
[INITIALIZATION][CLIENT][ERROR] NormalMod\EnderIO_1437040224.zs:485 > No such static member in crafttweaker.item.IIngredient: A
[INITIALIZATION][CLIENT][ERROR] NormalMod\EnderIO_1437040224.zs:485 > No such static member in crafttweaker.item.IIngredient: N
[INITIALIZATION][CLIENT][ERROR] NormalMod\EnderIO_1437040224.zs:486 > No such static member in crafttweaker.item.IIngredient: B
[INITIALIZATION][CLIENT][ERROR] NormalMod\EnderIO_1437040224.zs:486 > No such static member in crafttweaker.item.IIngredient: N
[INITIALIZATION][CLIENT][ERROR] NormalMod\EnderIO_1437040224.zs:486 > No such static member in crafttweaker.item.IIngredient: B
[INITIALIZATION][CLIENT][ERROR] NormalMod\EnderIO_1437040224.zs:487 > No such static member in crafttweaker.item.IIngredient: N
[INITIALIZATION][CLIENT][ERROR] NormalMod\EnderIO_1437040224.zs:487 > No such static member in crafttweaker.item.IIngredient: B
[INITIALIZATION][CLIENT][ERROR] NormalMod\EnderIO_1437040224.zs:487 > No such static member in crafttweaker.item.IIngredient: N
[INITIALIZATION][CLIENT][ERROR] [crafttweaker]: Error executing {[0:crafttweaker]: NormalMod\EnderIO_1437040224.zs}: Invalid Ore Dictionary [dustPulsatingIronTiny]: contains no items
java.lang.IllegalArgumentException: Invalid Ore Dictionary [dustPulsatingIronTiny]: contains no items
	at gregtech.integration.crafttweaker.recipe.CTRecipeBuilder.getInputFromCTIngredient(CTRecipeBuilder.java:112)
	at gregtech.integration.crafttweaker.recipe.CTRecipeBuilder.inputs(CTRecipeBuilder.java:88)
	at NormalMod\EnderIO_1437040224.__script__(NormalMod\EnderIO_1437040224.zs:42)
	at __ZenMain__.run(NormalMod\EnderIO_1437040224)
	at crafttweaker.runtime.CrTTweaker.loadScript(CrTTweaker.java:240)
	at crafttweaker.runtime.CrTTweaker.loadScript(CrTTweaker.java:105)
	at crafttweaker.mc1120.events.CommonEventHandler.registerRecipes(CommonEventHandler.java:71)
	at net.minecraftforge.fml.common.eventhandler.ASMEventHandler_534_CommonEventHandler_registerRecipes_Register.invoke(.dynamic)
	at net.minecraftforge.fml.common.eventhandler.ASMEventHandler.invoke(ASMEventHandler.java:90)
	at net.minecraftforge.fml.common.eventhandler.EventBus$1.invoke(EventBus.java:144)
	at net.minecraftforge.fml.common.eventhandler.EventBus.post(EventBus.java:182)
	at net.minecraftforge.registries.GameData.fireRegistryEvents(GameData.java:857)
	at net.minecraftforge.common.crafting.CraftingHelper.loadRecipes(CraftingHelper.java:636)
	at net.minecraftforge.fml.common.Loader.initializeMods(Loader.java:747)
	at net.minecraftforge.fml.client.FMLClientHandler.finishMinecraftLoading(FMLClientHandler.java:336)
	at net.minecraft.client.Minecraft.func_71384_a(Minecraft.java:535)
	at net.minecraft.client.Minecraft.func_99999_d(Minecraft.java:378)
	at net.minecraft.client.main.Main.main(SourceFile:123)
	at sun.reflect.NativeMethodAccessorImpl.invoke0(Native Method)
	at sun.reflect.NativeMethodAccessorImpl.invoke(NativeMethodAccessorImpl.java:62)
	at sun.reflect.DelegatingMethodAccessorImpl.invoke(DelegatingMethodAccessorImpl.java:43)
	at java.lang.reflect.Method.invoke(Method.java:498)
	at net.minecraft.launchwrapper.Launch.launch(Launch.java:135)
	at net.minecraft.launchwrapper.Launch.main(Launch.java:28)
[INITIALIZATION][CLIENT][INFO] [crafttweaker | SIDE_CLIENT]: Loading Script: {[0:crafttweaker]: NormalMod\EnderStorage_1509040224.zs}
[INITIALIZATION][CLIENT][ERROR] NormalMod\EnderStorage_1509040224.zs:2 > could not find package null
[INITIALIZATION][CLIENT][INFO] [crafttweaker | SIDE_CLIENT]: Loading Script: {[0:crafttweaker]: NormalMod\GregTech_1437040224.zs}
[INITIALIZATION][CLIENT][ERROR] NormalMod\GregTech_1437040224.zs:2 > could not find package null
[INITIALIZATION][CLIENT][INFO] [crafttweaker | SIDE_CLIENT]: Loading Script: {[0:crafttweaker]: NormalMod\HadEnoughItems_0838040224.zs}
[INITIALIZATION][CLIENT][INFO] [crafttweaker | SIDE_CLIENT]: Loading Script: {[0:crafttweaker]: NormalMod\PackagedAuto_1452040224.zs}
[INITIALIZATION][CLIENT][ERROR] NormalMod\PackagedAuto_1452040224.zs:2 > could not find package null
[INITIALIZATION][CLIENT][INFO] [crafttweaker | SIDE_CLIENT]: Loading Script: {[0:crafttweaker]: NormalMod\TheOneProbe_0839040224.zs}
[INITIALIZATION][CLIENT][INFO] [crafttweaker | SIDE_CLIENT]: Loading Script: {[0:crafttweaker]: NormalMod\Tweaker_1437040224.zs}
[INITIALIZATION][CLIENT][ERROR] NormalMod\Tweaker_1437040224.zs:2 > could not find package null
[INITIALIZATION][CLIENT][ERROR] [crafttweaker]: Error executing {[0:crafttweaker]: NormalMod\Tweaker_1437040224.zs}: Invalid Ore Dictionary [dustEndSteel]: contains no items
java.lang.IllegalArgumentException: Invalid Ore Dictionary [dustEndSteel]: contains no items
	at gregtech.integration.crafttweaker.recipe.CTRecipeBuilder.getInputFromCTIngredient(CTRecipeBuilder.java:112)
	at gregtech.integration.crafttweaker.recipe.CTRecipeBuilder.inputs(CTRecipeBuilder.java:88)
	at NormalMod\Tweaker_1437040224.__script__(NormalMod\Tweaker_1437040224.zs:21)
	at __ZenMain__.run(NormalMod\Tweaker_1437040224)
	at crafttweaker.runtime.CrTTweaker.loadScript(CrTTweaker.java:240)
	at crafttweaker.runtime.CrTTweaker.loadScript(CrTTweaker.java:105)
	at crafttweaker.mc1120.events.CommonEventHandler.registerRecipes(CommonEventHandler.java:71)
	at net.minecraftforge.fml.common.eventhandler.ASMEventHandler_534_CommonEventHandler_registerRecipes_Register.invoke(.dynamic)
	at net.minecraftforge.fml.common.eventhandler.ASMEventHandler.invoke(ASMEventHandler.java:90)
	at net.minecraftforge.fml.common.eventhandler.EventBus$1.invoke(EventBus.java:144)
	at net.minecraftforge.fml.common.eventhandler.EventBus.post(EventBus.java:182)
	at net.minecraftforge.registries.GameData.fireRegistryEvents(GameData.java:857)
	at net.minecraftforge.common.crafting.CraftingHelper.loadRecipes(CraftingHelper.java:636)
	at net.minecraftforge.fml.common.Loader.initializeMods(Loader.java:747)
	at net.minecraftforge.fml.client.FMLClientHandler.finishMinecraftLoading(FMLClientHandler.java:336)
	at net.minecraft.client.Minecraft.func_71384_a(Minecraft.java:535)
	at net.minecraft.client.Minecraft.func_99999_d(Minecraft.java:378)
	at net.minecraft.client.main.Main.main(SourceFile:123)
	at sun.reflect.NativeMethodAccessorImpl.invoke0(Native Method)
	at sun.reflect.NativeMethodAccessorImpl.invoke(NativeMethodAccessorImpl.java:62)
	at sun.reflect.DelegatingMethodAccessorImpl.invoke(DelegatingMethodAccessorImpl.java:43)
	at java.lang.reflect.Method.invoke(Method.java:498)
	at net.minecraft.launchwrapper.Launch.launch(Launch.java:135)
	at net.minecraft.launchwrapper.Launch.main(Launch.java:28)
[INITIALIZATION][CLIENT][INFO] Completed script loading in: 285ms
[POSTINITIALIZATION][CLIENT][INFO] Removing recipes for various outputs
[POSTINITIALIZATION][CLIENT][INFO] Removing recipes matching: actuallyadditions
[POSTINITIALIZATION][CLIENT][INFO] Removing recipes matching: appliedenergistics2
[POSTINITIALIZATION][CLIENT][INFO] Removing recipes matching: aeadditions
[POSTINITIALIZATION][CLIENT][INFO] Removing recipes matching: ae2stuff
[POSTINITIALIZATION][CLIENT][INFO] Removing recipes matching: ae2fc
[POSTINITIALIZATION][CLIENT][INFO] Removing recipes matching: enderio
[POSTINITIALIZATION][CLIENT][INFO] Removing recipes matching: enderstorage
[POSTINITIALIZATION][CLIENT][INFO] Removing recipes matching: packagedauto
[POSTINITIALIZATION][CLIENT][INFO] Removing recipes matching: theoneprobe
[POSTINITIALIZATION][CLIENT][INFO] Adding shaped recipe for multiblocktweaker.machine.glass_garden_jar.name with name ct_shaped754036354
[POSTINITIALIZATION][CLIENT][INFO] Adding shaped recipe for multiblocktweaker.machine.fission_reactor.name with name ct_shaped-1759431007
[POSTINITIALIZATION][CLIENT][INFO] Adding shapeless recipe for Broken Spawner with name BrokenSpawnerChangeRecipe
[AVAILABLE][CLIENT][INFO] Fixed the RecipeBook
[AVAILABLE][CLIENT][INFO] Hiding category in JEI: appliedenergistics2.grinder
[AVAILABLE][CLIENT][INFO] Hiding category in JEI: appliedenergistics2.inscriber
[AVAILABLE][CLIENT][INFO] Hiding category in JEI: actuallyadditions.coffee
[AVAILABLE][CLIENT][INFO] Hiding category in JEI: actuallyadditions.compost
[AVAILABLE][CLIENT][INFO] Hiding category in JEI: actuallyadditions.crushing
[AVAILABLE][CLIENT][INFO] Hiding category in JEI: actuallyadditions.reconstructor
[AVAILABLE][CLIENT][INFO] Hiding category in JEI: actuallyadditions.empowerer
[AVAILABLE][CLIENT][INFO] Hiding category in JEI: jeresources.villager
[AVAILABLE][CLIENT][INFO] Hiding category in JEI: jeresources.worldgen
[AVAILABLE][CLIENT][INFO] Hiding category in JEI: AlloySmelter
[AVAILABLE][CLIENT][INFO] Hiding category in JEI: CombustionGenerator
[AVAILABLE][CLIENT][INFO] Hiding category in JEI: SagMill
[AVAILABLE][CLIENT][INFO] Hiding category in JEI: GrindingBall
[AVAILABLE][CLIENT][INFO] Hiding category in JEI: SliceNSPlice
[AVAILABLE][CLIENT][INFO] Hiding category in JEI: SolarPanel
[AVAILABLE][CLIENT][INFO] Hiding category in JEI: SoulBinder
[AVAILABLE][CLIENT][INFO] Hiding category in JEI: StirlingGenerator
[AVAILABLE][CLIENT][INFO] Hiding category in JEI: Vat
[AVAILABLE][CLIENT][INFO] Hiding category in JEI: EIOWC
[AVAILABLE][CLIENT][INFO] Hiding category in JEI: ZombieGenerator
[AVAILABLE][CLIENT][INFO] Hiding category in JEI: EnderGenerator
[AVAILABLE][CLIENT][INFO] Hiding category in JEI: LavaGenerator
[AVAILABLE][CLIENT][INFO] Hiding category in JEI: Painter
[AVAILABLE][CLIENT][INFO] Hiding category in JEI: EIOTank
